<?xml version="1.0" encoding="UTF-8"?>
<testsuite name="unit.controller.RewardControllerTest" tests="1" skipped="0" failures="0" errors="0" timestamp="2021-05-27T17:17:44" hostname="PC-ANTOINE" time="0.261">
  <properties/>
  <testcase name="getRewardPoints" classname="unit.controller.RewardControllerTest" time="0.261"/>
  <system-out><![CDATA[19:17:44.608 [Test worker] INFO RewardController - RewardController(Mock for RewardServiceInterface, hashCode: 1973947166)
19:17:44.623 [Test worker] INFO RewardController - getRewardPoints(attractionName,userName)
]]></system-out>
  <system-err><![CDATA[]]></system-err>
</testsuite>
