<?xml version="1.0" encoding="UTF-8"?>
<testsuite name="unit.controller.RewardControllerTest" tests="1" skipped="0" failures="0" errors="0" timestamp="2021-06-23T12:33:10" hostname="PC-ANTOINE" time="0.045">
  <properties/>
  <testcase name="getRewardPoints" classname="unit.controller.RewardControllerTest" time="0.045"/>
  <system-out><![CDATA[2021-06-23 14:33:10.435  INFO 2132 --- [    Test worker] RewardController                         : RewardController(Mock for RewardServiceInterface, hashCode: 175118411)
2021-06-23 14:33:10.445  INFO 2132 --- [    Test worker] RewardController                         : getRewardPoints(attractionName,userName)
]]></system-out>
  <system-err><![CDATA[]]></system-err>
</testsuite>
