<?xml version="1.0" encoding="UTF-8"?>
<testsuite name="unit.model.UserPreferencesTest" tests="8" skipped="0" failures="0" errors="0" timestamp="2021-06-07T13:51:15" hostname="PC-ANTOINE" time="0.184">
  <properties/>
  <testcase name="setAndGetTicketQuantity" classname="unit.model.UserPreferencesTest" time="0.072"/>
  <testcase name="setAndGetCurrency" classname="unit.model.UserPreferencesTest" time="0.106"/>
  <testcase name="setAndGetLowerPricePoint" classname="unit.model.UserPreferencesTest" time="0.001"/>
  <testcase name="setAndGetNumberOfChildren" classname="unit.model.UserPreferencesTest" time="0.0"/>
  <testcase name="setAndGetHighPricePoint" classname="unit.model.UserPreferencesTest" time="0.001"/>
  <testcase name="setAndGetNumberOfAdults" classname="unit.model.UserPreferencesTest" time="0.0"/>
  <testcase name="setAndGetTripDuration" classname="unit.model.UserPreferencesTest" time="0.0"/>
  <testcase name="setAndGetAttractionProximity" classname="unit.model.UserPreferencesTest" time="0.004"/>
  <system-out><![CDATA[2021-06-07 15:51:15.695  INFO 12156 --- [    Test worker] o.j.m.DefaultMonetaryContextFactory      : Using custom MathContext: precision=256, roundingMode=HALF_EVEN
]]></system-out>
  <system-err><![CDATA[]]></system-err>
</testsuite>
