<?xml version="1.0" encoding="UTF-8"?>
<testsuite name="unit.model.UserRewardTest" tests="3" skipped="0" failures="0" errors="0" timestamp="2021-06-23T12:33:10" hostname="PC-ANTOINE" time="0.111">
  <properties/>
  <testcase name="setAndGetAttraction" classname="unit.model.UserRewardTest" time="0.075"/>
  <testcase name="setAndGetVisitedLocation" classname="unit.model.UserRewardTest" time="0.035"/>
  <testcase name="setAndGetRewardPoints" classname="unit.model.UserRewardTest" time="0.001"/>
  <system-out><![CDATA[]]></system-out>
  <system-err><![CDATA[]]></system-err>
</testsuite>
