<?xml version="1.0" encoding="UTF-8"?>
<testsuite name="unit.service.GpsServiceTest" tests="4" skipped="0" failures="0" errors="0" timestamp="2021-06-29T09:08:48" hostname="PC-ANTOINE" time="0.106">
  <properties/>
  <testcase name="getUserLocation" classname="unit.service.GpsServiceTest" time="0.053"/>
  <testcase name="getAllAttraction" classname="unit.service.GpsServiceTest" time="0.036"/>
  <testcase name="getAttraction" classname="unit.service.GpsServiceTest" time="0.015"/>
  <testcase name="getAllCurrentLocations" classname="unit.service.GpsServiceTest" time="0.001"/>
  <system-out><![CDATA[2021-06-29 11:08:48.562  INFO 14180 --- [    Test worker] GpsService                               : GpsService(Mock for UserProxy, hashCode: 526786589,Mock for RewardProxy, hashCode: 1733286594)
2021-06-29 11:08:48.613  INFO 14180 --- [    Test worker] GpsService                               : getUserLocation(userNameTest)
2021-06-29 11:08:48.614  INFO 14180 --- [    Test worker] GpsService                               : GpsService(Mock for UserProxy, hashCode: 1571400360,Mock for RewardProxy, hashCode: 755697695)
2021-06-29 11:08:48.634  INFO 14180 --- [    Test worker] GpsService                               : getAllAttraction()
2021-06-29 11:08:48.651  INFO 14180 --- [    Test worker] GpsService                               : GpsService(Mock for UserProxy, hashCode: 335562131,Mock for RewardProxy, hashCode: 189509219)
2021-06-29 11:08:48.651  INFO 14180 --- [    Test worker] GpsService                               : getAttraction(Disneyland)
2021-06-29 11:08:48.666  INFO 14180 --- [    Test worker] GpsService                               : GpsService(Mock for UserProxy, hashCode: 463976776,Mock for RewardProxy, hashCode: 1847132627)
2021-06-29 11:08:48.666  INFO 14180 --- [    Test worker] GpsService                               : getAllCurrentLocations()
]]></system-out>
  <system-err><![CDATA[]]></system-err>
</testsuite>
