<?xml version="1.0" encoding="UTF-8"?>
<testsuite name="unit.model.UserTest" tests="9" skipped="0" failures="0" errors="0" timestamp="2021-06-24T14:09:09" hostname="PC-ANTOINE" time="0.086">
  <properties/>
  <testcase name="setAndGetUserId" classname="unit.model.UserTest" time="0.001"/>
  <testcase name="setAndGetUserRewards" classname="unit.model.UserTest" time="0.0"/>
  <testcase name="setAndGetUserName" classname="unit.model.UserTest" time="0.0"/>
  <testcase name="setAndGetUserPreferences" classname="unit.model.UserTest" time="0.082"/>
  <testcase name="setAndGetLatestLocationTimestamp" classname="unit.model.UserTest" time="0.0"/>
  <testcase name="setAndGetEmailAddress" classname="unit.model.UserTest" time="0.0"/>
  <testcase name="setAndGetPhoneNumber" classname="unit.model.UserTest" time="0.001"/>
  <testcase name="setAndGetTripDeals" classname="unit.model.UserTest" time="0.0"/>
  <testcase name="setAndGetVisitedLocations" classname="unit.model.UserTest" time="0.0"/>
  <system-out><![CDATA[]]></system-out>
  <system-err><![CDATA[]]></system-err>
</testsuite>
