<?xml version="1.0" encoding="UTF-8"?>
<testsuite name="unit.controller.GpsControllerTest" tests="4" skipped="0" failures="0" errors="0" timestamp="2021-06-29T09:08:48" hostname="PC-ANTOINE" time="0.066">
  <properties/>
  <testcase name="getUserLocation" classname="unit.controller.GpsControllerTest" time="0.038"/>
  <testcase name="getAllAttraction" classname="unit.controller.GpsControllerTest" time="0.006"/>
  <testcase name="getAttraction" classname="unit.controller.GpsControllerTest" time="0.006"/>
  <testcase name="getAllCurrentLocations" classname="unit.controller.GpsControllerTest" time="0.016"/>
  <system-out><![CDATA[2021-06-29 11:08:48.329  INFO 14180 --- [    Test worker] GpsController                            : GpsController(Mock for GpsServiceInterface, hashCode: 294918484)
2021-06-29 11:08:48.335  INFO 14180 --- [    Test worker] GpsController                            : getLocation(userNameTest)
2021-06-29 11:08:48.348  INFO 14180 --- [    Test worker] GpsController                            : GpsController(Mock for GpsServiceInterface, hashCode: 715829193)
2021-06-29 11:08:48.349  INFO 14180 --- [    Test worker] GpsController                            : getAllAttraction()
2021-06-29 11:08:48.355  INFO 14180 --- [    Test worker] GpsController                            : GpsController(Mock for GpsServiceInterface, hashCode: 1765498137)
2021-06-29 11:08:48.355  INFO 14180 --- [    Test worker] GpsController                            : getAttraction(attractionNameTest)
2021-06-29 11:08:48.361  INFO 14180 --- [    Test worker] GpsController                            : GpsController(Mock for GpsServiceInterface, hashCode: 139240313)
2021-06-29 11:08:48.361  INFO 14180 --- [    Test worker] GpsController                            : getAllCurrentLocations()
]]></system-out>
  <system-err><![CDATA[]]></system-err>
</testsuite>
