<?xml version="1.0" encoding="UTF-8"?>
<testsuite name="unit.controller.GpsControllerTest" tests="3" skipped="0" failures="0" errors="0" timestamp="2021-05-27T17:25:14" hostname="PC-ANTOINE" time="0.106">
  <properties/>
  <testcase name="getUserLocation" classname="unit.controller.GpsControllerTest" time="0.08"/>
  <testcase name="getAttraction" classname="unit.controller.GpsControllerTest" time="0.005"/>
  <testcase name="getAllCurrentLocations" classname="unit.controller.GpsControllerTest" time="0.02"/>
  <system-out><![CDATA[19:25:14.263 [Test worker] INFO GpsController - GpsController(Mock for GpsServiceInterface, hashCode: 143858674)
19:25:14.264 [Test worker] INFO GpsController - getLocation(userName)
19:25:14.343 [Test worker] INFO GpsController - GpsController(Mock for GpsServiceInterface, hashCode: 1137368578)
19:25:14.344 [Test worker] INFO GpsController - getAttraction(attractionName)
19:25:14.348 [Test worker] INFO GpsController - GpsController(Mock for GpsServiceInterface, hashCode: 1462187572)
19:25:14.349 [Test worker] INFO GpsController - getAllCurrentLocations()
]]></system-out>
  <system-err><![CDATA[]]></system-err>
</testsuite>
