<?xml version="1.0" encoding="UTF-8"?>
<testsuite name="unit.service.GpsServiceTest" tests="3" skipped="0" failures="0" errors="0" timestamp="2021-06-03T06:30:00" hostname="PC-ANTOINE" time="0.117">
  <properties/>
  <testcase name="getUserLocation" classname="unit.service.GpsServiceTest" time="0.09"/>
  <testcase name="getAttraction" classname="unit.service.GpsServiceTest" time="0.025"/>
  <testcase name="getAllCurrentLocations" classname="unit.service.GpsServiceTest" time="0.001"/>
  <system-out><![CDATA[08:30:00.376 [Test worker] INFO GpsService - GpsService(Mock for UserProxy, hashCode: 94858906,Mock for RewardProxy, hashCode: 1133689508)
08:30:00.444 [Test worker] INFO GpsService - getUserLocation(userName)
08:30:00.445 [Test worker] INFO GpsService - GpsService(Mock for UserProxy, hashCode: 934769074,Mock for RewardProxy, hashCode: 1221798234)
08:30:00.445 [Test worker] INFO GpsService - getAttraction(Disneyland)
08:30:00.471 [Test worker] INFO GpsService - GpsService(Mock for UserProxy, hashCode: 1303411192,Mock for RewardProxy, hashCode: 1868102807)
08:30:00.472 [Test worker] INFO GpsService - getAllCurrentLocations()
]]></system-out>
  <system-err><![CDATA[]]></system-err>
</testsuite>
