<?xml version="1.0" encoding="UTF-8"?>
<testsuite name="unit.controller.GpsControllerTest" tests="4" skipped="0" failures="0" errors="0" timestamp="2021-06-24T14:09:08" hostname="PC-ANTOINE" time="0.795">
  <properties/>
  <testcase name="getUserLocation" classname="unit.controller.GpsControllerTest" time="0.744"/>
  <testcase name="getAllAttraction" classname="unit.controller.GpsControllerTest" time="0.016"/>
  <testcase name="getAttraction" classname="unit.controller.GpsControllerTest" time="0.007"/>
  <testcase name="getAllCurrentLocations" classname="unit.controller.GpsControllerTest" time="0.026"/>
  <system-out><![CDATA[16:09:09.384 [Test worker] INFO GpsController - GpsController(Mock for GpsServiceInterface, hashCode: 1652904869)
16:09:09.426 [Test worker] INFO GpsController - getLocation(userNameTest)
16:09:09.667 [Test worker] INFO GpsController - GpsController(Mock for GpsServiceInterface, hashCode: 175540324)
16:09:09.668 [Test worker] INFO GpsController - getAllAttraction()
16:09:09.683 [Test worker] INFO GpsController - GpsController(Mock for GpsServiceInterface, hashCode: 1037488846)
16:09:09.684 [Test worker] INFO GpsController - getAttraction(attractionNameTest)
16:09:09.691 [Test worker] INFO GpsController - GpsController(Mock for GpsServiceInterface, hashCode: 1762092951)
16:09:09.691 [Test worker] INFO GpsController - getAllCurrentLocations()
]]></system-out>
  <system-err><![CDATA[]]></system-err>
</testsuite>
