<?xml version="1.0" encoding="UTF-8"?>
<testsuite name="unit.controller.GpsControllerTest" tests="3" skipped="0" failures="0" errors="0" timestamp="2021-06-07T13:51:16" hostname="PC-ANTOINE" time="0.172">
  <properties/>
  <testcase name="getUserLocation" classname="unit.controller.GpsControllerTest" time="0.143"/>
  <testcase name="getAttraction" classname="unit.controller.GpsControllerTest" time="0.008"/>
  <testcase name="getAllCurrentLocations" classname="unit.controller.GpsControllerTest" time="0.019"/>
  <system-out><![CDATA[2021-06-07 15:51:16.332  INFO 9992 --- [    Test worker] GpsController                            : GpsController(Mock for GpsServiceInterface, hashCode: 400925084)
2021-06-07 15:51:16.342  INFO 9992 --- [    Test worker] GpsController                            : getLocation(userName)
2021-06-07 15:51:16.451  INFO 9992 --- [    Test worker] GpsController                            : GpsController(Mock for GpsServiceInterface, hashCode: 1989814196)
2021-06-07 15:51:16.452  INFO 9992 --- [    Test worker] GpsController                            : getAttraction(attractionName)
2021-06-07 15:51:16.459  INFO 9992 --- [    Test worker] GpsController                            : GpsController(Mock for GpsServiceInterface, hashCode: 1112003066)
2021-06-07 15:51:16.460  INFO 9992 --- [    Test worker] GpsController                            : getAllCurrentLocations()
]]></system-out>
  <system-err><![CDATA[]]></system-err>
</testsuite>
