<?xml version="1.0" encoding="UTF-8"?>
<testsuite name="unit.model.UserPreferencesTest" tests="5" skipped="0" failures="0" errors="0" timestamp="2021-06-24T10:27:22" hostname="PC-ANTOINE" time="0.001">
  <properties/>
  <testcase name="setAndGetTicketQuantity" classname="unit.model.UserPreferencesTest" time="0.0"/>
  <testcase name="setAndGetNumberOfChildren" classname="unit.model.UserPreferencesTest" time="0.0"/>
  <testcase name="setAndGetNumberOfAdults" classname="unit.model.UserPreferencesTest" time="0.001"/>
  <testcase name="setAndGetTripDuration" classname="unit.model.UserPreferencesTest" time="0.0"/>
  <testcase name="setAndGetAttractionProximity" classname="unit.model.UserPreferencesTest" time="0.0"/>
  <system-out><![CDATA[]]></system-out>
  <system-err><![CDATA[]]></system-err>
</testsuite>
