<?xml version="1.0" encoding="UTF-8"?>
<testsuite name="unit.controller.GpsControllerTest" tests="4" skipped="0" failures="0" errors="0" timestamp="2021-06-23T12:34:07" hostname="PC-ANTOINE" time="0.097">
  <properties/>
  <testcase name="getUserLocation" classname="unit.controller.GpsControllerTest" time="0.066"/>
  <testcase name="getAllAttraction" classname="unit.controller.GpsControllerTest" time="0.006"/>
  <testcase name="getAttraction" classname="unit.controller.GpsControllerTest" time="0.009"/>
  <testcase name="getAllCurrentLocations" classname="unit.controller.GpsControllerTest" time="0.014"/>
  <system-out><![CDATA[2021-06-23 14:34:07.820  INFO 10720 --- [    Test worker] GpsController                            : GpsController(Mock for GpsServiceInterface, hashCode: 1094235237)
2021-06-23 14:34:07.829  INFO 10720 --- [    Test worker] GpsController                            : getLocation(userName)
2021-06-23 14:34:07.859  INFO 10720 --- [    Test worker] GpsController                            : GpsController(Mock for GpsServiceInterface, hashCode: 1805748273)
2021-06-23 14:34:07.860  INFO 10720 --- [    Test worker] GpsController                            : getAllAttraction()
2021-06-23 14:34:07.866  INFO 10720 --- [    Test worker] GpsController                            : GpsController(Mock for GpsServiceInterface, hashCode: 1335623861)
2021-06-23 14:34:07.867  INFO 10720 --- [    Test worker] GpsController                            : getAttraction(attractionName)
2021-06-23 14:34:07.875  INFO 10720 --- [    Test worker] GpsController                            : GpsController(Mock for GpsServiceInterface, hashCode: 593893967)
2021-06-23 14:34:07.877  INFO 10720 --- [    Test worker] GpsController                            : getAllCurrentLocations()
]]></system-out>
  <system-err><![CDATA[]]></system-err>
</testsuite>
