<?xml version="1.0" encoding="UTF-8"?>
<testsuite name="unit.controller.GpsControllerTest" tests="4" skipped="0" failures="0" errors="0" timestamp="2021-06-24T10:27:22" hostname="PC-ANTOINE" time="0.085">
  <properties/>
  <testcase name="getUserLocation" classname="unit.controller.GpsControllerTest" time="0.054"/>
  <testcase name="getAllAttraction" classname="unit.controller.GpsControllerTest" time="0.008"/>
  <testcase name="getAttraction" classname="unit.controller.GpsControllerTest" time="0.007"/>
  <testcase name="getAllCurrentLocations" classname="unit.controller.GpsControllerTest" time="0.013"/>
  <system-out><![CDATA[2021-06-24 12:27:22.375  INFO 5252 --- [    Test worker] GpsController                            : GpsController(Mock for GpsServiceInterface, hashCode: 449347328)
2021-06-24 12:27:22.384  INFO 5252 --- [    Test worker] GpsController                            : getLocation(userNameTest)
2021-06-24 12:27:22.406  INFO 5252 --- [    Test worker] GpsController                            : GpsController(Mock for GpsServiceInterface, hashCode: 1438700938)
2021-06-24 12:27:22.407  INFO 5252 --- [    Test worker] GpsController                            : getAllAttraction()
2021-06-24 12:27:22.415  INFO 5252 --- [    Test worker] GpsController                            : GpsController(Mock for GpsServiceInterface, hashCode: 1633208074)
2021-06-24 12:27:22.416  INFO 5252 --- [    Test worker] GpsController                            : getAttraction(attractionNameTest)
2021-06-24 12:27:22.423  INFO 5252 --- [    Test worker] GpsController                            : GpsController(Mock for GpsServiceInterface, hashCode: 56232028)
2021-06-24 12:27:22.424  INFO 5252 --- [    Test worker] GpsController                            : getAllCurrentLocations()
]]></system-out>
  <system-err><![CDATA[]]></system-err>
</testsuite>
