<?xml version="1.0" encoding="UTF-8"?>
<testsuite name="unit.controller.GpsControllerTest" tests="5" skipped="0" failures="0" errors="0" timestamp="2021-07-07T14:28:38" hostname="PC-ANTOINE" time="0.648">
  <properties/>
  <testcase name="getUserLocation" classname="unit.controller.GpsControllerTest" time="0.578"/>
  <testcase name="getAllAttraction" classname="unit.controller.GpsControllerTest" time="0.013"/>
  <testcase name="getAttraction" classname="unit.controller.GpsControllerTest" time="0.009"/>
  <testcase name="getAllCurrentLocations" classname="unit.controller.GpsControllerTest" time="0.023"/>
  <testcase name="calculateAllUSerLocation" classname="unit.controller.GpsControllerTest" time="0.022"/>
  <system-out><![CDATA[16:28:38.915 [Test worker] INFO GpsController - GpsController(Mock for GpsServiceInterface, hashCode: 338263901)
16:28:38.936 [Test worker] INFO GpsController - getUserLocation(userNameTest)
16:28:39.095 [Test worker] INFO GpsController - GpsController(Mock for GpsServiceInterface, hashCode: 1694527699)
16:28:39.096 [Test worker] INFO GpsController - getAttractionList()
16:28:39.109 [Test worker] INFO GpsController - GpsController(Mock for GpsServiceInterface, hashCode: 1376555164)
16:28:39.110 [Test worker] INFO GpsController - getAttraction(attractionNameTest)
16:28:39.118 [Test worker] INFO GpsController - GpsController(Mock for GpsServiceInterface, hashCode: 1861125579)
16:28:39.119 [Test worker] INFO GpsController - getAllCurrentLocations()
16:28:39.142 [Test worker] INFO GpsController - GpsController(Mock for GpsServiceInterface, hashCode: 1357240163)
16:28:39.143 [Test worker] INFO GpsController - calculateAllUSerLocation()
]]></system-out>
  <system-err><![CDATA[]]></system-err>
</testsuite>
