<?xml version="1.0" encoding="UTF-8"?>
<testsuite name="unit.model.UserRewardTest" tests="3" skipped="0" failures="0" errors="0" timestamp="2021-06-07T13:51:16" hostname="PC-ANTOINE" time="0.029">
  <properties/>
  <testcase name="setAndGetAttraction" classname="unit.model.UserRewardTest" time="0.016"/>
  <testcase name="setAndGetVisitedLocation" classname="unit.model.UserRewardTest" time="0.012"/>
  <testcase name="setAndGetRewardPoints" classname="unit.model.UserRewardTest" time="0.0"/>
  <system-out><![CDATA[]]></system-out>
  <system-err><![CDATA[]]></system-err>
</testsuite>
