<?xml version="1.0" encoding="UTF-8"?>
<testsuite name="unit.controller.GpsControllerTest" tests="3" skipped="0" failures="0" errors="0" timestamp="2021-05-31T16:05:12" hostname="PC-ANTOINE" time="0.203">
  <properties/>
  <testcase name="getUserLocation" classname="unit.controller.GpsControllerTest" time="0.167"/>
  <testcase name="getAttraction" classname="unit.controller.GpsControllerTest" time="0.007"/>
  <testcase name="getAllCurrentLocations" classname="unit.controller.GpsControllerTest" time="0.028"/>
  <system-out><![CDATA[18:05:12.343 [Test worker] INFO GpsController - GpsController(Mock for GpsServiceInterface, hashCode: 461785212)
18:05:12.344 [Test worker] INFO GpsController - getLocation(userName)
18:05:12.510 [Test worker] INFO GpsController - GpsController(Mock for GpsServiceInterface, hashCode: 1863040228)
18:05:12.510 [Test worker] INFO GpsController - getAttraction(attractionName)
18:05:12.518 [Test worker] INFO GpsController - GpsController(Mock for GpsServiceInterface, hashCode: 762726983)
18:05:12.518 [Test worker] INFO GpsController - getAllCurrentLocations()
]]></system-out>
  <system-err><![CDATA[]]></system-err>
</testsuite>
