<?xml version="1.0" encoding="UTF-8"?>
<testsuite name="unit.controller.UserControllerTest" tests="2" skipped="0" failures="0" errors="0" timestamp="2021-05-28T17:15:13" hostname="PC-ANTOINE" time="0.326">
  <properties/>
  <testcase name="addToVisitedLocations" classname="unit.controller.UserControllerTest" time="0.304"/>
  <testcase name="getAllUser" classname="unit.controller.UserControllerTest" time="0.021"/>
  <system-out><![CDATA[19:15:13.344 [Test worker] INFO UserController - UserController(Mock for UserServiceInterface, hashCode: 1657871160)
19:15:13.424 [Test worker] INFO UserController - addToVisitedLocations(userName,10.0,20.0,01/01/2021)
19:15:13.444 [Test worker] INFO UserController - UserController(Mock for UserServiceInterface, hashCode: 1213871433)
19:15:13.445 [Test worker] INFO UserController - getAllUser()
]]></system-out>
  <system-err><![CDATA[]]></system-err>
</testsuite>
