<?xml version="1.0" encoding="UTF-8"?>
<testsuite name="unit.model.UserPreferencesTest" tests="8" skipped="0" failures="0" errors="0" timestamp="2021-06-07T13:50:29" hostname="PC-ANTOINE" time="0.052">
  <properties/>
  <testcase name="setAndGetTicketQuantity" classname="unit.model.UserPreferencesTest" time="0.001"/>
  <testcase name="setAndGetCurrency" classname="unit.model.UserPreferencesTest" time="0.049"/>
  <testcase name="setAndGetLowerPricePoint" classname="unit.model.UserPreferencesTest" time="0.0"/>
  <testcase name="setAndGetNumberOfChildren" classname="unit.model.UserPreferencesTest" time="0.001"/>
  <testcase name="setAndGetHighPricePoint" classname="unit.model.UserPreferencesTest" time="0.0"/>
  <testcase name="setAndGetNumberOfAdults" classname="unit.model.UserPreferencesTest" time="0.001"/>
  <testcase name="setAndGetTripDuration" classname="unit.model.UserPreferencesTest" time="0.0"/>
  <testcase name="setAndGetAttractionProximity" classname="unit.model.UserPreferencesTest" time="0.0"/>
  <system-out><![CDATA[]]></system-out>
  <system-err><![CDATA[]]></system-err>
</testsuite>
