<?xml version="1.0" encoding="UTF-8"?>
<testsuite name="unit.controller.UserControllerTest" tests="2" skipped="0" failures="0" errors="0" timestamp="2021-05-31T16:03:14" hostname="PC-ANTOINE" time="0.606">
  <properties/>
  <testcase name="addToVisitedLocations" classname="unit.controller.UserControllerTest" time="0.543"/>
  <testcase name="getAllUser" classname="unit.controller.UserControllerTest" time="0.062"/>
  <system-out><![CDATA[18:03:14.628 [Test worker] INFO UserController - UserController(Mock for UserServiceInterface, hashCode: 824271324)
18:03:14.776 [Test worker] INFO UserController - addToVisitedLocations(userName,10.0,20.0,01/01/2021)
18:03:14.813 [Test worker] INFO UserController - UserController(Mock for UserServiceInterface, hashCode: 1531865036)
18:03:14.814 [Test worker] INFO UserController - getAllUser()
]]></system-out>
  <system-err><![CDATA[]]></system-err>
</testsuite>
