<?xml version="1.0" encoding="UTF-8"?>
<testsuite name="unit.service.UserServiceTest" tests="8" skipped="0" failures="0" errors="0" timestamp="2021-06-29T09:09:26" hostname="PC-ANTOINE" time="0.022">
  <properties/>
  <testcase name="addUserReward_thatAlreadyExist" classname="unit.service.UserServiceTest" time="0.003"/>
  <testcase name="addUser" classname="unit.service.UserServiceTest" time="0.001"/>
  <testcase name="addUserReward_thatDoesNotExist" classname="unit.service.UserServiceTest" time="0.001"/>
  <testcase name="addToVisitedLocations" classname="unit.service.UserServiceTest" time="0.009"/>
  <testcase name="getUser" classname="unit.service.UserServiceTest" time="0.001"/>
  <testcase name="setUserPreferences" classname="unit.service.UserServiceTest" time="0.001"/>
  <testcase name="getAllUser" classname="unit.service.UserServiceTest" time="0.001"/>
  <testcase name="setTripDeals" classname="unit.service.UserServiceTest" time="0.002"/>
  <system-out><![CDATA[2021-06-29 11:09:26.565  INFO 9196 --- [    Test worker] UserService                              : UserService(Mock for UserRepositoryInterface, hashCode: 1149391541)
2021-06-29 11:09:26.567  INFO 9196 --- [    Test worker] UserService                              : addUserReward(userNameTest,Mock for UserReward, hashCode: 1070611170)
2021-06-29 11:09:26.568  INFO 9196 --- [    Test worker] UserService                              : UserService(Mock for UserRepositoryInterface, hashCode: 2127341281)
2021-06-29 11:09:26.568  INFO 9196 --- [    Test worker] UserService                              : addUser(Mock for User, hashCode: 852284941)
2021-06-29 11:09:26.569  INFO 9196 --- [    Test worker] UserService                              : UserService(Mock for UserRepositoryInterface, hashCode: 1686973723)
2021-06-29 11:09:26.570  INFO 9196 --- [    Test worker] UserService                              : addUserReward(userNameTest,Mock for UserReward, hashCode: 1513364546)
2021-06-29 11:09:26.571  INFO 9196 --- [    Test worker] UserService                              : UserService(Mock for UserRepositoryInterface, hashCode: 1104429643)
2021-06-29 11:09:26.579  INFO 9196 --- [    Test worker] UserService                              : addToVisitedLocations(userNameTest,Mock for VisitedLocation, hashCode: 360483010)
2021-06-29 11:09:26.580  INFO 9196 --- [    Test worker] UserService                              : UserService(Mock for UserRepositoryInterface, hashCode: 403999363)
2021-06-29 11:09:26.581  INFO 9196 --- [    Test worker] UserService                              : getUser(userNameTest)
2021-06-29 11:09:26.581  INFO 9196 --- [    Test worker] UserService                              : UserService(Mock for UserRepositoryInterface, hashCode: 1647858639)
2021-06-29 11:09:26.582  INFO 9196 --- [    Test worker] UserService                              : setUserPreferences(userNameTest,Mock for UserPreferences, hashCode: 18715609)
2021-06-29 11:09:26.583  INFO 9196 --- [    Test worker] UserService                              : UserService(Mock for UserRepositoryInterface, hashCode: 1884696992)
2021-06-29 11:09:26.584  INFO 9196 --- [    Test worker] UserService                              : getAllUser()
2021-06-29 11:09:26.585  INFO 9196 --- [    Test worker] UserService                              : UserService(Mock for UserRepositoryInterface, hashCode: 1286270395)
2021-06-29 11:09:26.585  INFO 9196 --- [    Test worker] UserService                              : setTripDeals(userNameTest,Mock for ArrayList, hashCode: 1814854090)
]]></system-out>
  <system-err><![CDATA[]]></system-err>
</testsuite>
