<?xml version="1.0" encoding="UTF-8"?>
<testsuite name="unit.controller.UserControllerTest" tests="2" skipped="0" failures="0" errors="0" timestamp="2021-06-03T06:31:31" hostname="PC-ANTOINE" time="0.388">
  <properties/>
  <testcase name="addToVisitedLocations" classname="unit.controller.UserControllerTest" time="0.358"/>
  <testcase name="getAllUser" classname="unit.controller.UserControllerTest" time="0.03"/>
  <system-out><![CDATA[08:31:31.614 [Test worker] INFO UserController - UserController(Mock for UserServiceInterface, hashCode: 453295789)
08:31:31.729 [Test worker] INFO UserController - addToVisitedLocations(userName,10.0,20.0,01/01/2021)
08:31:31.751 [Test worker] INFO UserController - UserController(Mock for UserServiceInterface, hashCode: 1997203706)
08:31:31.752 [Test worker] INFO UserController - getAllUser()
]]></system-out>
  <system-err><![CDATA[]]></system-err>
</testsuite>
