<?xml version="1.0" encoding="UTF-8"?>
<testsuite name="unit.repository.UserRepositoryTest" tests="2" skipped="0" failures="0" errors="0" timestamp="2021-05-27T17:19:03" hostname="PC-ANTOINE" time="0.004">
  <properties/>
  <testcase name="getUser" classname="unit.repository.UserRepositoryTest" time="0.002"/>
  <testcase name="getAllUser" classname="unit.repository.UserRepositoryTest" time="0.002"/>
  <system-out><![CDATA[19:19:03.784 [Test worker] INFO UserRepository - UserRepository()
19:19:03.785 [Test worker] INFO UserRepository - addUser(Mock for User, hashCode: 1966221019)
19:19:03.785 [Test worker] INFO UserRepository - getUser(userName)
19:19:03.786 [Test worker] INFO UserRepository - UserRepository()
19:19:03.787 [Test worker] INFO UserRepository - addUser(Mock for User, hashCode: 732784906)
19:19:03.787 [Test worker] INFO UserRepository - getAllUser()
]]></system-out>
  <system-err><![CDATA[]]></system-err>
</testsuite>
