<?xml version="1.0" encoding="UTF-8"?>
<testsuite name="unit.repository.UserRepositoryTest" tests="2" skipped="0" failures="0" errors="0" timestamp="2021-06-07T13:50:30" hostname="PC-ANTOINE" time="0.003">
  <properties/>
  <testcase name="getUser" classname="unit.repository.UserRepositoryTest" time="0.002"/>
  <testcase name="getAllUser" classname="unit.repository.UserRepositoryTest" time="0.001"/>
  <system-out><![CDATA[2021-06-07 15:50:30.034  INFO 12668 --- [    Test worker] UserRepository                           : UserRepository()
2021-06-07 15:50:30.035  INFO 12668 --- [    Test worker] UserRepository                           : addUser(Mock for User, hashCode: 1570790692)
2021-06-07 15:50:30.036  INFO 12668 --- [    Test worker] UserRepository                           : getUser(userName)
2021-06-07 15:50:30.036  INFO 12668 --- [    Test worker] UserRepository                           : UserRepository()
2021-06-07 15:50:30.037  INFO 12668 --- [    Test worker] UserRepository                           : addUser(Mock for User, hashCode: 166886242)
2021-06-07 15:50:30.037  INFO 12668 --- [    Test worker] UserRepository                           : getAllUser()
]]></system-out>
  <system-err><![CDATA[]]></system-err>
</testsuite>
