<?xml version="1.0" encoding="UTF-8"?>
<testsuite name="integration.UserControllerIT" tests="7" skipped="0" failures="0" errors="0" timestamp="2021-06-24T10:30:35" hostname="PC-ANTOINE" time="1.786">
  <properties/>
  <testcase name="addUser" classname="integration.UserControllerIT" time="1.651"/>
  <testcase name="addToVisitedLocations" classname="integration.UserControllerIT" time="0.023"/>
  <testcase name="getUser" classname="integration.UserControllerIT" time="0.027"/>
  <testcase name="setUserPreferences" classname="integration.UserControllerIT" time="0.014"/>
  <testcase name="getAllUser" classname="integration.UserControllerIT" time="0.017"/>
  <testcase name="setTripDeals" classname="integration.UserControllerIT" time="0.019"/>
  <testcase name="addUserReward" classname="integration.UserControllerIT" time="0.026"/>
  <system-out><![CDATA[12:30:22.785 [Test worker] DEBUG org.springframework.test.context.junit4.SpringJUnit4ClassRunner - SpringJUnit4ClassRunner constructor called with [class integration.UserControllerIT]
12:30:22.824 [Test worker] DEBUG org.springframework.test.context.BootstrapUtils - Instantiating CacheAwareContextLoaderDelegate from class [org.springframework.test.context.cache.DefaultCacheAwareContextLoaderDelegate]
12:30:22.893 [Test worker] DEBUG org.springframework.test.context.BootstrapUtils - Instantiating BootstrapContext using constructor [public org.springframework.test.context.support.DefaultBootstrapContext(java.lang.Class,org.springframework.test.context.CacheAwareContextLoaderDelegate)]
12:30:23.024 [Test worker] DEBUG org.springframework.test.context.BootstrapUtils - Instantiating TestContextBootstrapper for test class [integration.UserControllerIT] from class [org.springframework.boot.test.context.SpringBootTestContextBootstrapper]
12:30:23.078 [Test worker] INFO org.springframework.boot.test.context.SpringBootTestContextBootstrapper - Neither @ContextConfiguration nor @ContextHierarchy found for test class [integration.UserControllerIT], using SpringBootContextLoader
12:30:23.103 [Test worker] DEBUG org.springframework.test.context.support.AbstractContextLoader - Did not detect default resource location for test class [integration.UserControllerIT]: class path resource [integration/UserControllerIT-context.xml] does not exist
12:30:23.104 [Test worker] DEBUG org.springframework.test.context.support.AbstractContextLoader - Did not detect default resource location for test class [integration.UserControllerIT]: class path resource [integration/UserControllerITContext.groovy] does not exist
12:30:23.104 [Test worker] INFO org.springframework.test.context.support.AbstractContextLoader - Could not detect default resource locations for test class [integration.UserControllerIT]: no resource found for suffixes {-context.xml, Context.groovy}.
12:30:23.283 [Test worker] DEBUG org.springframework.test.context.support.ActiveProfilesUtils - Could not find an 'annotation declaring class' for annotation type [org.springframework.test.context.ActiveProfiles] and class [integration.UserControllerIT]
12:30:23.866 [Test worker] DEBUG org.springframework.boot.test.context.SpringBootTestContextBootstrapper - @TestExecutionListeners is not present for class [integration.UserControllerIT]: using defaults.
12:30:23.868 [Test worker] INFO org.springframework.boot.test.context.SpringBootTestContextBootstrapper - Loaded default TestExecutionListener class names from location [META-INF/spring.factories]: [org.springframework.boot.test.autoconfigure.restdocs.RestDocsTestExecutionListener, org.springframework.boot.test.autoconfigure.web.client.MockRestServiceServerResetTestExecutionListener, org.springframework.boot.test.autoconfigure.web.servlet.MockMvcPrintOnlyOnFailureTestExecutionListener, org.springframework.boot.test.autoconfigure.web.servlet.WebDriverTestExecutionListener, org.springframework.boot.test.mock.mockito.MockitoTestExecutionListener, org.springframework.boot.test.mock.mockito.ResetMocksTestExecutionListener, org.springframework.test.context.web.ServletTestExecutionListener, org.springframework.test.context.support.DirtiesContextBeforeModesTestExecutionListener, org.springframework.test.context.support.DependencyInjectionTestExecutionListener, org.springframework.test.context.support.DirtiesContextTestExecutionListener, org.springframework.test.context.transaction.TransactionalTestExecutionListener, org.springframework.test.context.jdbc.SqlScriptsTestExecutionListener]
12:30:23.925 [Test worker] DEBUG org.springframework.boot.test.context.SpringBootTestContextBootstrapper - Skipping candidate TestExecutionListener [org.springframework.test.context.transaction.TransactionalTestExecutionListener] due to a missing dependency. Specify custom listener classes or make the default listener classes and their required dependencies available. Offending class: [org/springframework/transaction/interceptor/TransactionAttributeSource]
12:30:23.927 [Test worker] DEBUG org.springframework.boot.test.context.SpringBootTestContextBootstrapper - Skipping candidate TestExecutionListener [org.springframework.test.context.jdbc.SqlScriptsTestExecutionListener] due to a missing dependency. Specify custom listener classes or make the default listener classes and their required dependencies available. Offending class: [org/springframework/transaction/interceptor/TransactionAttribute]
12:30:23.927 [Test worker] INFO org.springframework.boot.test.context.SpringBootTestContextBootstrapper - Using TestExecutionListeners: [org.springframework.test.context.web.ServletTestExecutionListener@6b8001d9, org.springframework.test.context.support.DirtiesContextBeforeModesTestExecutionListener@2536400, org.springframework.boot.test.mock.mockito.MockitoTestExecutionListener@211cd867, org.springframework.boot.test.autoconfigure.SpringBootDependencyInjectionTestExecutionListener@2948976e, org.springframework.test.context.support.DirtiesContextTestExecutionListener@42add557, org.springframework.boot.test.autoconfigure.restdocs.RestDocsTestExecutionListener@5bc7ca66, org.springframework.boot.test.autoconfigure.web.client.MockRestServiceServerResetTestExecutionListener@1cdffe99, org.springframework.boot.test.autoconfigure.web.servlet.MockMvcPrintOnlyOnFailureTestExecutionListener@7141f98b, org.springframework.boot.test.autoconfigure.web.servlet.WebDriverTestExecutionListener@5d6a8d99, org.springframework.boot.test.mock.mockito.ResetMocksTestExecutionListener@389bf8a8]
12:30:23.940 [Test worker] DEBUG org.springframework.test.annotation.ProfileValueUtils - Retrieved @ProfileValueSourceConfiguration [null] for test class [integration.UserControllerIT]
12:30:23.942 [Test worker] DEBUG org.springframework.test.annotation.ProfileValueUtils - Retrieved ProfileValueSource type [class org.springframework.test.annotation.SystemProfileValueSource] for class [integration.UserControllerIT]
12:30:23.944 [Test worker] DEBUG org.springframework.test.annotation.ProfileValueUtils - Retrieved @ProfileValueSourceConfiguration [null] for test class [integration.UserControllerIT]
12:30:23.945 [Test worker] DEBUG org.springframework.test.annotation.ProfileValueUtils - Retrieved ProfileValueSource type [class org.springframework.test.annotation.SystemProfileValueSource] for class [integration.UserControllerIT]
12:30:23.967 [Test worker] DEBUG org.springframework.test.context.support.AbstractDirtiesContextTestExecutionListener - Before test class: context [DefaultTestContext@57beab14 testClass = UserControllerIT, testInstance = [null], testMethod = [null], testException = [null], mergedContextConfiguration = [WebMergedContextConfiguration@5ada3668 testClass = UserControllerIT, locations = '{}', classes = '{class user.Application, class user.Application}', contextInitializerClasses = '[]', activeProfiles = '{}', propertySourceLocations = '{}', propertySourceProperties = '{org.springframework.boot.test.context.SpringBootTestContextBootstrapper=true}', contextCustomizers = set[org.springframework.boot.test.autoconfigure.properties.PropertyMappingContextCustomizer@0, org.springframework.boot.test.autoconfigure.web.servlet.WebDriverContextCustomizerFactory$Customizer@1ba27c55, org.springframework.boot.test.context.filter.ExcludeFilterContextCustomizer@75187864, org.springframework.boot.test.json.DuplicateJsonObjectContextCustomizerFactory$DuplicateJsonObjectContextCustomizer@2700c4b1, org.springframework.boot.test.mock.mockito.MockitoContextCustomizer@0, org.springframework.boot.test.web.client.TestRestTemplateContextCustomizer@52672787], resourceBasePath = 'src/main/webapp', contextLoader = 'org.springframework.boot.test.context.SpringBootContextLoader', parent = [null]], attributes = map['org.springframework.test.context.web.ServletTestExecutionListener.activateListener' -> true]], class annotated with @DirtiesContext [false] with mode [null].
12:30:23.969 [Test worker] DEBUG org.springframework.test.annotation.ProfileValueUtils - Retrieved @ProfileValueSourceConfiguration [null] for test class [integration.UserControllerIT]
12:30:23.970 [Test worker] DEBUG org.springframework.test.annotation.ProfileValueUtils - Retrieved ProfileValueSource type [class org.springframework.test.annotation.SystemProfileValueSource] for class [integration.UserControllerIT]
12:30:25.443 [Test worker] DEBUG org.springframework.test.context.support.TestPropertySourceUtils - Adding inlined properties to environment: {spring.jmx.enabled=false, org.springframework.boot.test.context.SpringBootTestContextBootstrapper=true, server.port=-1}

  .   ____          _            __ _ _
 /\\ / ___'_ __ _ _(_)_ __  __ _ \ \ \ \
( ( )\___ | '_ | '_| | '_ \/ _` | \ \ \ \
 \\/  ___)| |_)| | | | | || (_| |  ) ) ) )
  '  |____| .__|_| |_|_| |_\__, | / / / /
 =========|_|==============|___/=/_/_/_/
 :: Spring Boot ::        (v2.1.6.RELEASE)

2021-06-24 12:30:28.341  INFO 4676 --- [    Test worker] integration.UserControllerIT             : No active profile set, falling back to default profiles: default
2021-06-24 12:30:30.993  INFO 4676 --- [    Test worker] o.s.cloud.context.scope.GenericScope     : BeanFactory id=4f4642f5-389e-3208-b060-9f6c852c83df
2021-06-24 12:30:31.395  INFO 4676 --- [    Test worker] UserController                           : UserController()
2021-06-24 12:30:31.404  INFO 4676 --- [    Test worker] UserService                              : UserService()
2021-06-24 12:30:31.412  INFO 4676 --- [    Test worker] UserRepository                           : UserRepository()
2021-06-24 12:30:32.070  WARN 4676 --- [    Test worker] c.n.c.sources.URLConfigurationSource     : No URLs will be polled as dynamic configuration sources.
2021-06-24 12:30:32.071  INFO 4676 --- [    Test worker] c.n.c.sources.URLConfigurationSource     : To enable URLs as dynamic configuration sources, define System property archaius.configurationSource.additionalUrls or make config.properties available on classpath.
2021-06-24 12:30:32.095  WARN 4676 --- [    Test worker] c.n.c.sources.URLConfigurationSource     : No URLs will be polled as dynamic configuration sources.
2021-06-24 12:30:32.096  INFO 4676 --- [    Test worker] c.n.c.sources.URLConfigurationSource     : To enable URLs as dynamic configuration sources, define System property archaius.configurationSource.additionalUrls or make config.properties available on classpath.
2021-06-24 12:30:33.118  INFO 4676 --- [    Test worker] o.s.s.concurrent.ThreadPoolTaskExecutor  : Initializing ExecutorService 'applicationTaskExecutor'
2021-06-24 12:30:35.407  INFO 4676 --- [    Test worker] o.s.b.a.e.web.EndpointLinksResolver      : Exposing 2 endpoint(s) beneath base path '/actuator'
2021-06-24 12:30:35.523  INFO 4676 --- [    Test worker] integration.UserControllerIT             : Started UserControllerIT in 10.021 seconds (JVM running for 15.393)
2021-06-24 12:30:36.671  INFO 4676 --- [    Test worker] o.s.b.t.m.w.SpringBootMockServletContext : Initializing Spring TestDispatcherServlet ''
2021-06-24 12:30:36.671  INFO 4676 --- [    Test worker] o.s.t.web.servlet.TestDispatcherServlet  : Initializing Servlet ''
2021-06-24 12:30:36.697  INFO 4676 --- [    Test worker] o.s.t.web.servlet.TestDispatcherServlet  : Completed initialization in 26 ms
2021-06-24 12:30:37.227  INFO 4676 --- [    Test worker] UserController                           : addUser(user.model.User@671a3a81)
2021-06-24 12:30:37.228  INFO 4676 --- [    Test worker] UserService                              : addUser(user.model.User@7bcc09dd)
2021-06-24 12:30:37.228  INFO 4676 --- [    Test worker] UserRepository                           : addUser(user.model.User@7bcc09dd)
2021-06-24 12:30:37.254  INFO 4676 --- [    Test worker] o.s.b.t.m.w.SpringBootMockServletContext : Initializing Spring TestDispatcherServlet ''
2021-06-24 12:30:37.255  INFO 4676 --- [    Test worker] o.s.t.web.servlet.TestDispatcherServlet  : Initializing Servlet ''
2021-06-24 12:30:37.259  INFO 4676 --- [    Test worker] o.s.t.web.servlet.TestDispatcherServlet  : Completed initialization in 4 ms
2021-06-24 12:30:37.271  INFO 4676 --- [    Test worker] UserController                           : addToVisitedLocations(userNameTest,gpsUtil.location.VisitedLocation@4e1d72d3)
2021-06-24 12:30:37.272  INFO 4676 --- [    Test worker] UserService                              : addToVisitedLocations(userNameTest,gpsUtil.location.VisitedLocation@4e1d72d3)
2021-06-24 12:30:37.272  INFO 4676 --- [    Test worker] UserRepository                           : getUser(userNameTest)
2021-06-24 12:30:37.278  INFO 4676 --- [    Test worker] o.s.b.t.m.w.SpringBootMockServletContext : Initializing Spring TestDispatcherServlet ''
2021-06-24 12:30:37.279  INFO 4676 --- [    Test worker] o.s.t.web.servlet.TestDispatcherServlet  : Initializing Servlet ''
2021-06-24 12:30:37.283  INFO 4676 --- [    Test worker] o.s.t.web.servlet.TestDispatcherServlet  : Completed initialization in 4 ms
2021-06-24 12:30:37.287  INFO 4676 --- [    Test worker] UserController                           : getUser(userNameTest)
2021-06-24 12:30:37.287  INFO 4676 --- [    Test worker] UserService                              : getUser(userNameTest)
2021-06-24 12:30:37.287  INFO 4676 --- [    Test worker] UserRepository                           : getUser(userNameTest)
2021-06-24 12:30:37.307  INFO 4676 --- [    Test worker] o.s.b.t.m.w.SpringBootMockServletContext : Initializing Spring TestDispatcherServlet ''
2021-06-24 12:30:37.307  INFO 4676 --- [    Test worker] o.s.t.web.servlet.TestDispatcherServlet  : Initializing Servlet ''
2021-06-24 12:30:37.311  INFO 4676 --- [    Test worker] o.s.t.web.servlet.TestDispatcherServlet  : Completed initialization in 3 ms
2021-06-24 12:30:37.316  INFO 4676 --- [    Test worker] UserController                           : setUserPreferences(userNameTest,user.model.UserPreferences@218d45f4)
2021-06-24 12:30:37.317  INFO 4676 --- [    Test worker] UserService                              : setUserPreferences(userNameTest,user.model.UserPreferences@218d45f4)
2021-06-24 12:30:37.317  INFO 4676 --- [    Test worker] UserRepository                           : getUser(userNameTest)
2021-06-24 12:30:37.324  INFO 4676 --- [    Test worker] o.s.b.t.m.w.SpringBootMockServletContext : Initializing Spring TestDispatcherServlet ''
2021-06-24 12:30:37.324  INFO 4676 --- [    Test worker] o.s.t.web.servlet.TestDispatcherServlet  : Initializing Servlet ''
2021-06-24 12:30:37.329  INFO 4676 --- [    Test worker] o.s.t.web.servlet.TestDispatcherServlet  : Completed initialization in 5 ms
2021-06-24 12:30:37.332  INFO 4676 --- [    Test worker] UserController                           : getAllUser()
2021-06-24 12:30:37.333  INFO 4676 --- [    Test worker] UserService                              : getAllUser()
2021-06-24 12:30:37.333  INFO 4676 --- [    Test worker] UserRepository                           : getAllUser()
2021-06-24 12:30:37.341  INFO 4676 --- [    Test worker] o.s.b.t.m.w.SpringBootMockServletContext : Initializing Spring TestDispatcherServlet ''
2021-06-24 12:30:37.342  INFO 4676 --- [    Test worker] o.s.t.web.servlet.TestDispatcherServlet  : Initializing Servlet ''
2021-06-24 12:30:37.346  INFO 4676 --- [    Test worker] o.s.t.web.servlet.TestDispatcherServlet  : Completed initialization in 4 ms
2021-06-24 12:30:37.354  INFO 4676 --- [    Test worker] UserController                           : setTripDeals(userNameTest,[tripPricer.Provider@f54c91c])
2021-06-24 12:30:37.354  INFO 4676 --- [    Test worker] UserService                              : setTripDeals(userNameTest,[tripPricer.Provider@f54c91c])
2021-06-24 12:30:37.355  INFO 4676 --- [    Test worker] UserRepository                           : getUser(userNameTest)
2021-06-24 12:30:37.362  INFO 4676 --- [    Test worker] o.s.b.t.m.w.SpringBootMockServletContext : Initializing Spring TestDispatcherServlet ''
2021-06-24 12:30:37.363  INFO 4676 --- [    Test worker] o.s.t.web.servlet.TestDispatcherServlet  : Initializing Servlet ''
2021-06-24 12:30:37.369  INFO 4676 --- [    Test worker] o.s.t.web.servlet.TestDispatcherServlet  : Completed initialization in 6 ms
2021-06-24 12:30:37.382  INFO 4676 --- [    Test worker] UserController                           : addUserReward(userNameTest,user.model.UserReward@4c7f6368)
2021-06-24 12:30:37.382  INFO 4676 --- [    Test worker] UserService                              : addUserReward(userNameTest,user.model.UserReward@4c7f6368)
2021-06-24 12:30:37.383  INFO 4676 --- [    Test worker] UserRepository                           : getUser(userNameTest)
]]></system-out>
  <system-err><![CDATA[]]></system-err>
</testsuite>
