<?xml version="1.0" encoding="UTF-8"?>
<testsuite name="integration.UserControllerIT" tests="7" skipped="0" failures="0" errors="0" timestamp="2021-06-24T14:01:34" hostname="PC-ANTOINE" time="2.188">
  <properties/>
  <testcase name="addUser" classname="integration.UserControllerIT" time="1.987"/>
  <testcase name="addToVisitedLocations" classname="integration.UserControllerIT" time="0.032"/>
  <testcase name="getUser" classname="integration.UserControllerIT" time="0.045"/>
  <testcase name="setUserPreferences" classname="integration.UserControllerIT" time="0.034"/>
  <testcase name="getAllUser" classname="integration.UserControllerIT" time="0.028"/>
  <testcase name="setTripDeals" classname="integration.UserControllerIT" time="0.025"/>
  <testcase name="addUserReward" classname="integration.UserControllerIT" time="0.02"/>
  <system-out><![CDATA[16:01:14.363 [Test worker] DEBUG org.springframework.test.context.junit4.SpringJUnit4ClassRunner - SpringJUnit4ClassRunner constructor called with [class integration.UserControllerIT]
16:01:14.413 [Test worker] DEBUG org.springframework.test.context.BootstrapUtils - Instantiating CacheAwareContextLoaderDelegate from class [org.springframework.test.context.cache.DefaultCacheAwareContextLoaderDelegate]
16:01:14.501 [Test worker] DEBUG org.springframework.test.context.BootstrapUtils - Instantiating BootstrapContext using constructor [public org.springframework.test.context.support.DefaultBootstrapContext(java.lang.Class,org.springframework.test.context.CacheAwareContextLoaderDelegate)]
16:01:14.770 [Test worker] DEBUG org.springframework.test.context.BootstrapUtils - Instantiating TestContextBootstrapper for test class [integration.UserControllerIT] from class [org.springframework.boot.test.context.SpringBootTestContextBootstrapper]
16:01:14.922 [Test worker] INFO org.springframework.boot.test.context.SpringBootTestContextBootstrapper - Neither @ContextConfiguration nor @ContextHierarchy found for test class [integration.UserControllerIT], using SpringBootContextLoader
16:01:15.029 [Test worker] DEBUG org.springframework.test.context.support.AbstractContextLoader - Did not detect default resource location for test class [integration.UserControllerIT]: class path resource [integration/UserControllerIT-context.xml] does not exist
16:01:15.032 [Test worker] DEBUG org.springframework.test.context.support.AbstractContextLoader - Did not detect default resource location for test class [integration.UserControllerIT]: class path resource [integration/UserControllerITContext.groovy] does not exist
16:01:15.033 [Test worker] INFO org.springframework.test.context.support.AbstractContextLoader - Could not detect default resource locations for test class [integration.UserControllerIT]: no resource found for suffixes {-context.xml, Context.groovy}.
16:01:15.467 [Test worker] DEBUG org.springframework.test.context.support.ActiveProfilesUtils - Could not find an 'annotation declaring class' for annotation type [org.springframework.test.context.ActiveProfiles] and class [integration.UserControllerIT]
16:01:16.482 [Test worker] DEBUG org.springframework.boot.test.context.SpringBootTestContextBootstrapper - @TestExecutionListeners is not present for class [integration.UserControllerIT]: using defaults.
16:01:16.486 [Test worker] INFO org.springframework.boot.test.context.SpringBootTestContextBootstrapper - Loaded default TestExecutionListener class names from location [META-INF/spring.factories]: [org.springframework.boot.test.autoconfigure.restdocs.RestDocsTestExecutionListener, org.springframework.boot.test.autoconfigure.web.client.MockRestServiceServerResetTestExecutionListener, org.springframework.boot.test.autoconfigure.web.servlet.MockMvcPrintOnlyOnFailureTestExecutionListener, org.springframework.boot.test.autoconfigure.web.servlet.WebDriverTestExecutionListener, org.springframework.boot.test.mock.mockito.MockitoTestExecutionListener, org.springframework.boot.test.mock.mockito.ResetMocksTestExecutionListener, org.springframework.test.context.web.ServletTestExecutionListener, org.springframework.test.context.support.DirtiesContextBeforeModesTestExecutionListener, org.springframework.test.context.support.DependencyInjectionTestExecutionListener, org.springframework.test.context.support.DirtiesContextTestExecutionListener, org.springframework.test.context.transaction.TransactionalTestExecutionListener, org.springframework.test.context.jdbc.SqlScriptsTestExecutionListener]
16:01:16.592 [Test worker] DEBUG org.springframework.boot.test.context.SpringBootTestContextBootstrapper - Skipping candidate TestExecutionListener [org.springframework.test.context.transaction.TransactionalTestExecutionListener] due to a missing dependency. Specify custom listener classes or make the default listener classes and their required dependencies available. Offending class: [org/springframework/transaction/interceptor/TransactionAttributeSource]
16:01:16.594 [Test worker] DEBUG org.springframework.boot.test.context.SpringBootTestContextBootstrapper - Skipping candidate TestExecutionListener [org.springframework.test.context.jdbc.SqlScriptsTestExecutionListener] due to a missing dependency. Specify custom listener classes or make the default listener classes and their required dependencies available. Offending class: [org/springframework/transaction/interceptor/TransactionAttribute]
16:01:16.595 [Test worker] INFO org.springframework.boot.test.context.SpringBootTestContextBootstrapper - Using TestExecutionListeners: [org.springframework.test.context.web.ServletTestExecutionListener@b3c3c1c, org.springframework.test.context.support.DirtiesContextBeforeModesTestExecutionListener@4ef4a186, org.springframework.boot.test.mock.mockito.MockitoTestExecutionListener@127190a9, org.springframework.boot.test.autoconfigure.SpringBootDependencyInjectionTestExecutionListener@763ddf6a, org.springframework.test.context.support.DirtiesContextTestExecutionListener@1c0bc16d, org.springframework.boot.test.autoconfigure.restdocs.RestDocsTestExecutionListener@7718abfb, org.springframework.boot.test.autoconfigure.web.client.MockRestServiceServerResetTestExecutionListener@69f29969, org.springframework.boot.test.autoconfigure.web.servlet.MockMvcPrintOnlyOnFailureTestExecutionListener@712ccdb2, org.springframework.boot.test.autoconfigure.web.servlet.WebDriverTestExecutionListener@336e7a53, org.springframework.boot.test.mock.mockito.ResetMocksTestExecutionListener@11b58b6]
16:01:16.617 [Test worker] DEBUG org.springframework.test.annotation.ProfileValueUtils - Retrieved @ProfileValueSourceConfiguration [null] for test class [integration.UserControllerIT]
16:01:16.621 [Test worker] DEBUG org.springframework.test.annotation.ProfileValueUtils - Retrieved ProfileValueSource type [class org.springframework.test.annotation.SystemProfileValueSource] for class [integration.UserControllerIT]
16:01:16.624 [Test worker] DEBUG org.springframework.test.annotation.ProfileValueUtils - Retrieved @ProfileValueSourceConfiguration [null] for test class [integration.UserControllerIT]
16:01:16.625 [Test worker] DEBUG org.springframework.test.annotation.ProfileValueUtils - Retrieved ProfileValueSource type [class org.springframework.test.annotation.SystemProfileValueSource] for class [integration.UserControllerIT]
16:01:16.652 [Test worker] DEBUG org.springframework.test.context.support.AbstractDirtiesContextTestExecutionListener - Before test class: context [DefaultTestContext@370ad015 testClass = UserControllerIT, testInstance = [null], testMethod = [null], testException = [null], mergedContextConfiguration = [WebMergedContextConfiguration@13f06e76 testClass = UserControllerIT, locations = '{}', classes = '{class user.Application, class user.Application}', contextInitializerClasses = '[]', activeProfiles = '{}', propertySourceLocations = '{}', propertySourceProperties = '{org.springframework.boot.test.context.SpringBootTestContextBootstrapper=true}', contextCustomizers = set[org.springframework.boot.test.autoconfigure.properties.PropertyMappingContextCustomizer@0, org.springframework.boot.test.autoconfigure.web.servlet.WebDriverContextCustomizerFactory$Customizer@ac7d20e, org.springframework.boot.test.context.filter.ExcludeFilterContextCustomizer@3a66ef5a, org.springframework.boot.test.json.DuplicateJsonObjectContextCustomizerFactory$DuplicateJsonObjectContextCustomizer@44e88d13, org.springframework.boot.test.mock.mockito.MockitoContextCustomizer@0, org.springframework.boot.test.web.client.TestRestTemplateContextCustomizer@493d70f8], resourceBasePath = 'src/main/webapp', contextLoader = 'org.springframework.boot.test.context.SpringBootContextLoader', parent = [null]], attributes = map['org.springframework.test.context.web.ServletTestExecutionListener.activateListener' -> true]], class annotated with @DirtiesContext [false] with mode [null].
16:01:16.656 [Test worker] DEBUG org.springframework.test.annotation.ProfileValueUtils - Retrieved @ProfileValueSourceConfiguration [null] for test class [integration.UserControllerIT]
16:01:16.657 [Test worker] DEBUG org.springframework.test.annotation.ProfileValueUtils - Retrieved ProfileValueSource type [class org.springframework.test.annotation.SystemProfileValueSource] for class [integration.UserControllerIT]
16:01:18.940 [Test worker] DEBUG org.springframework.test.context.support.TestPropertySourceUtils - Adding inlined properties to environment: {spring.jmx.enabled=false, org.springframework.boot.test.context.SpringBootTestContextBootstrapper=true, server.port=-1}

  .   ____          _            __ _ _
 /\\ / ___'_ __ _ _(_)_ __  __ _ \ \ \ \
( ( )\___ | '_ | '_| | '_ \/ _` | \ \ \ \
 \\/  ___)| |_)| | | | | || (_| |  ) ) ) )
  '  |____| .__|_| |_|_| |_\__, | / / / /
 =========|_|==============|___/=/_/_/_/
 :: Spring Boot ::        (v2.1.6.RELEASE)

2021-06-24 16:01:23.815  INFO 18048 --- [    Test worker] integration.UserControllerIT             : No active profile set, falling back to default profiles: default
2021-06-24 16:01:28.788  INFO 18048 --- [    Test worker] o.s.cloud.context.scope.GenericScope     : BeanFactory id=4f4642f5-389e-3208-b060-9f6c852c83df
2021-06-24 16:01:29.276  INFO 18048 --- [    Test worker] UserController                           : UserController()
2021-06-24 16:01:29.291  INFO 18048 --- [    Test worker] UserService                              : UserService()
2021-06-24 16:01:29.303  INFO 18048 --- [    Test worker] UserRepository                           : UserRepository()
2021-06-24 16:01:30.267  WARN 18048 --- [    Test worker] c.n.c.sources.URLConfigurationSource     : No URLs will be polled as dynamic configuration sources.
2021-06-24 16:01:30.267  INFO 18048 --- [    Test worker] c.n.c.sources.URLConfigurationSource     : To enable URLs as dynamic configuration sources, define System property archaius.configurationSource.additionalUrls or make config.properties available on classpath.
2021-06-24 16:01:30.315  WARN 18048 --- [    Test worker] c.n.c.sources.URLConfigurationSource     : No URLs will be polled as dynamic configuration sources.
2021-06-24 16:01:30.316  INFO 18048 --- [    Test worker] c.n.c.sources.URLConfigurationSource     : To enable URLs as dynamic configuration sources, define System property archaius.configurationSource.additionalUrls or make config.properties available on classpath.
2021-06-24 16:01:31.437  INFO 18048 --- [    Test worker] o.s.s.concurrent.ThreadPoolTaskExecutor  : Initializing ExecutorService 'applicationTaskExecutor'
2021-06-24 16:01:34.152  INFO 18048 --- [    Test worker] o.s.b.a.e.web.EndpointLinksResolver      : Exposing 2 endpoint(s) beneath base path '/actuator'
2021-06-24 16:01:34.278  INFO 18048 --- [    Test worker] integration.UserControllerIT             : Started UserControllerIT in 15.199 seconds (JVM running for 24.591)
2021-06-24 16:01:35.619  INFO 18048 --- [    Test worker] o.s.b.t.m.w.SpringBootMockServletContext : Initializing Spring TestDispatcherServlet ''
2021-06-24 16:01:35.619  INFO 18048 --- [    Test worker] o.s.t.web.servlet.TestDispatcherServlet  : Initializing Servlet ''
2021-06-24 16:01:35.668  INFO 18048 --- [    Test worker] o.s.t.web.servlet.TestDispatcherServlet  : Completed initialization in 49 ms
2021-06-24 16:01:36.351  INFO 18048 --- [    Test worker] UserController                           : addUser(user.model.User@68cf8997)
2021-06-24 16:01:36.351  INFO 18048 --- [    Test worker] UserService                              : addUser(user.model.User@51703e04)
2021-06-24 16:01:36.351  INFO 18048 --- [    Test worker] UserRepository                           : addUser(user.model.User@51703e04)
2021-06-24 16:01:36.381  INFO 18048 --- [    Test worker] o.s.b.t.m.w.SpringBootMockServletContext : Initializing Spring TestDispatcherServlet ''
2021-06-24 16:01:36.382  INFO 18048 --- [    Test worker] o.s.t.web.servlet.TestDispatcherServlet  : Initializing Servlet ''
2021-06-24 16:01:36.390  INFO 18048 --- [    Test worker] o.s.t.web.servlet.TestDispatcherServlet  : Completed initialization in 8 ms
2021-06-24 16:01:36.405  INFO 18048 --- [    Test worker] UserController                           : addToVisitedLocations(userNameTest,gpsUtil.location.VisitedLocation@77a9924f)
2021-06-24 16:01:36.406  INFO 18048 --- [    Test worker] UserService                              : addToVisitedLocations(userNameTest,gpsUtil.location.VisitedLocation@77a9924f)
2021-06-24 16:01:36.406  INFO 18048 --- [    Test worker] UserRepository                           : getUser(userNameTest)
2021-06-24 16:01:36.416  INFO 18048 --- [    Test worker] o.s.b.t.m.w.SpringBootMockServletContext : Initializing Spring TestDispatcherServlet ''
2021-06-24 16:01:36.417  INFO 18048 --- [    Test worker] o.s.t.web.servlet.TestDispatcherServlet  : Initializing Servlet ''
2021-06-24 16:01:36.428  INFO 18048 --- [    Test worker] o.s.t.web.servlet.TestDispatcherServlet  : Completed initialization in 9 ms
2021-06-24 16:01:36.437  INFO 18048 --- [    Test worker] UserController                           : getUser(userNameTest)
2021-06-24 16:01:36.438  INFO 18048 --- [    Test worker] UserService                              : getUser(userNameTest)
2021-06-24 16:01:36.438  INFO 18048 --- [    Test worker] UserRepository                           : getUser(userNameTest)
2021-06-24 16:01:36.463  INFO 18048 --- [    Test worker] o.s.b.t.m.w.SpringBootMockServletContext : Initializing Spring TestDispatcherServlet ''
2021-06-24 16:01:36.465  INFO 18048 --- [    Test worker] o.s.t.web.servlet.TestDispatcherServlet  : Initializing Servlet ''
2021-06-24 16:01:36.477  INFO 18048 --- [    Test worker] o.s.t.web.servlet.TestDispatcherServlet  : Completed initialization in 11 ms
2021-06-24 16:01:36.485  INFO 18048 --- [    Test worker] UserController                           : setUserPreferences(userNameTest,user.model.UserPreferences@3d23c999)
2021-06-24 16:01:36.485  INFO 18048 --- [    Test worker] UserService                              : setUserPreferences(userNameTest,user.model.UserPreferences@3d23c999)
2021-06-24 16:01:36.486  INFO 18048 --- [    Test worker] UserRepository                           : getUser(userNameTest)
2021-06-24 16:01:36.505  INFO 18048 --- [    Test worker] o.s.b.t.m.w.SpringBootMockServletContext : Initializing Spring TestDispatcherServlet ''
2021-06-24 16:01:36.506  INFO 18048 --- [    Test worker] o.s.t.web.servlet.TestDispatcherServlet  : Initializing Servlet ''
2021-06-24 16:01:36.516  INFO 18048 --- [    Test worker] o.s.t.web.servlet.TestDispatcherServlet  : Completed initialization in 10 ms
2021-06-24 16:01:36.520  INFO 18048 --- [    Test worker] UserController                           : getAllUser()
2021-06-24 16:01:36.520  INFO 18048 --- [    Test worker] UserService                              : getAllUser()
2021-06-24 16:01:36.520  INFO 18048 --- [    Test worker] UserRepository                           : getAllUser()
2021-06-24 16:01:36.533  INFO 18048 --- [    Test worker] o.s.b.t.m.w.SpringBootMockServletContext : Initializing Spring TestDispatcherServlet ''
2021-06-24 16:01:36.534  INFO 18048 --- [    Test worker] o.s.t.web.servlet.TestDispatcherServlet  : Initializing Servlet ''
2021-06-24 16:01:36.542  INFO 18048 --- [    Test worker] o.s.t.web.servlet.TestDispatcherServlet  : Completed initialization in 8 ms
2021-06-24 16:01:36.551  INFO 18048 --- [    Test worker] UserController                           : setTripDeals(userNameTest,[tripPricer.Provider@67718d87])
2021-06-24 16:01:36.551  INFO 18048 --- [    Test worker] UserService                              : setTripDeals(userNameTest,[tripPricer.Provider@67718d87])
2021-06-24 16:01:36.552  INFO 18048 --- [    Test worker] UserRepository                           : getUser(userNameTest)
2021-06-24 16:01:36.559  INFO 18048 --- [    Test worker] o.s.b.t.m.w.SpringBootMockServletContext : Initializing Spring TestDispatcherServlet ''
2021-06-24 16:01:36.560  INFO 18048 --- [    Test worker] o.s.t.web.servlet.TestDispatcherServlet  : Initializing Servlet ''
2021-06-24 16:01:36.566  INFO 18048 --- [    Test worker] o.s.t.web.servlet.TestDispatcherServlet  : Completed initialization in 6 ms
2021-06-24 16:01:36.574  INFO 18048 --- [    Test worker] UserController                           : addUserReward(userNameTest,user.model.UserReward@383ed614)
2021-06-24 16:01:36.575  INFO 18048 --- [    Test worker] UserService                              : addUserReward(userNameTest,user.model.UserReward@383ed614)
2021-06-24 16:01:36.575  INFO 18048 --- [    Test worker] UserRepository                           : getUser(userNameTest)
]]></system-out>
  <system-err><![CDATA[]]></system-err>
</testsuite>
