<?xml version="1.0" encoding="UTF-8"?>
<testsuite name="integration.UserControllerIT" tests="7" skipped="0" failures="0" errors="0" timestamp="2021-06-29T09:09:24" hostname="PC-ANTOINE" time="0.829">
  <properties/>
  <testcase name="addUser" classname="integration.UserControllerIT" time="0.705"/>
  <testcase name="addToVisitedLocations" classname="integration.UserControllerIT" time="0.021"/>
  <testcase name="getUser" classname="integration.UserControllerIT" time="0.025"/>
  <testcase name="setUserPreferences" classname="integration.UserControllerIT" time="0.015"/>
  <testcase name="getAllUser" classname="integration.UserControllerIT" time="0.015"/>
  <testcase name="setTripDeals" classname="integration.UserControllerIT" time="0.027"/>
  <testcase name="addUserReward" classname="integration.UserControllerIT" time="0.014"/>
  <system-out><![CDATA[11:09:17.177 [Test worker] DEBUG org.springframework.test.context.junit4.SpringJUnit4ClassRunner - SpringJUnit4ClassRunner constructor called with [class integration.UserControllerIT]
11:09:17.190 [Test worker] DEBUG org.springframework.test.context.BootstrapUtils - Instantiating CacheAwareContextLoaderDelegate from class [org.springframework.test.context.cache.DefaultCacheAwareContextLoaderDelegate]
11:09:17.211 [Test worker] DEBUG org.springframework.test.context.BootstrapUtils - Instantiating BootstrapContext using constructor [public org.springframework.test.context.support.DefaultBootstrapContext(java.lang.Class,org.springframework.test.context.CacheAwareContextLoaderDelegate)]
11:09:17.259 [Test worker] DEBUG org.springframework.test.context.BootstrapUtils - Instantiating TestContextBootstrapper for test class [integration.UserControllerIT] from class [org.springframework.boot.test.context.SpringBootTestContextBootstrapper]
11:09:17.284 [Test worker] INFO org.springframework.boot.test.context.SpringBootTestContextBootstrapper - Neither @ContextConfiguration nor @ContextHierarchy found for test class [integration.UserControllerIT], using SpringBootContextLoader
11:09:17.295 [Test worker] DEBUG org.springframework.test.context.support.AbstractContextLoader - Did not detect default resource location for test class [integration.UserControllerIT]: class path resource [integration/UserControllerIT-context.xml] does not exist
11:09:17.296 [Test worker] DEBUG org.springframework.test.context.support.AbstractContextLoader - Did not detect default resource location for test class [integration.UserControllerIT]: class path resource [integration/UserControllerITContext.groovy] does not exist
11:09:17.296 [Test worker] INFO org.springframework.test.context.support.AbstractContextLoader - Could not detect default resource locations for test class [integration.UserControllerIT]: no resource found for suffixes {-context.xml, Context.groovy}.
11:09:17.382 [Test worker] DEBUG org.springframework.test.context.support.ActiveProfilesUtils - Could not find an 'annotation declaring class' for annotation type [org.springframework.test.context.ActiveProfiles] and class [integration.UserControllerIT]
11:09:17.703 [Test worker] DEBUG org.springframework.boot.test.context.SpringBootTestContextBootstrapper - @TestExecutionListeners is not present for class [integration.UserControllerIT]: using defaults.
11:09:17.704 [Test worker] INFO org.springframework.boot.test.context.SpringBootTestContextBootstrapper - Loaded default TestExecutionListener class names from location [META-INF/spring.factories]: [org.springframework.boot.test.autoconfigure.restdocs.RestDocsTestExecutionListener, org.springframework.boot.test.autoconfigure.web.client.MockRestServiceServerResetTestExecutionListener, org.springframework.boot.test.autoconfigure.web.servlet.MockMvcPrintOnlyOnFailureTestExecutionListener, org.springframework.boot.test.autoconfigure.web.servlet.WebDriverTestExecutionListener, org.springframework.boot.test.mock.mockito.MockitoTestExecutionListener, org.springframework.boot.test.mock.mockito.ResetMocksTestExecutionListener, org.springframework.test.context.web.ServletTestExecutionListener, org.springframework.test.context.support.DirtiesContextBeforeModesTestExecutionListener, org.springframework.test.context.support.DependencyInjectionTestExecutionListener, org.springframework.test.context.support.DirtiesContextTestExecutionListener, org.springframework.test.context.transaction.TransactionalTestExecutionListener, org.springframework.test.context.jdbc.SqlScriptsTestExecutionListener]
11:09:17.736 [Test worker] DEBUG org.springframework.boot.test.context.SpringBootTestContextBootstrapper - Skipping candidate TestExecutionListener [org.springframework.test.context.transaction.TransactionalTestExecutionListener] due to a missing dependency. Specify custom listener classes or make the default listener classes and their required dependencies available. Offending class: [org/springframework/transaction/interceptor/TransactionAttributeSource]
11:09:17.738 [Test worker] DEBUG org.springframework.boot.test.context.SpringBootTestContextBootstrapper - Skipping candidate TestExecutionListener [org.springframework.test.context.jdbc.SqlScriptsTestExecutionListener] due to a missing dependency. Specify custom listener classes or make the default listener classes and their required dependencies available. Offending class: [org/springframework/transaction/interceptor/TransactionAttribute]
11:09:17.738 [Test worker] INFO org.springframework.boot.test.context.SpringBootTestContextBootstrapper - Using TestExecutionListeners: [org.springframework.test.context.web.ServletTestExecutionListener@1f22c66d, org.springframework.test.context.support.DirtiesContextBeforeModesTestExecutionListener@4d07812d, org.springframework.boot.test.mock.mockito.MockitoTestExecutionListener@31c89176, org.springframework.boot.test.autoconfigure.SpringBootDependencyInjectionTestExecutionListener@2d613b54, org.springframework.test.context.support.DirtiesContextTestExecutionListener@2479813b, org.springframework.boot.test.autoconfigure.restdocs.RestDocsTestExecutionListener@55066270, org.springframework.boot.test.autoconfigure.web.client.MockRestServiceServerResetTestExecutionListener@20b00a87, org.springframework.boot.test.autoconfigure.web.servlet.MockMvcPrintOnlyOnFailureTestExecutionListener@42f3e5e, org.springframework.boot.test.autoconfigure.web.servlet.WebDriverTestExecutionListener@6cb707b9, org.springframework.boot.test.mock.mockito.ResetMocksTestExecutionListener@ac4fdbd]
11:09:17.747 [Test worker] DEBUG org.springframework.test.annotation.ProfileValueUtils - Retrieved @ProfileValueSourceConfiguration [null] for test class [integration.UserControllerIT]
11:09:17.748 [Test worker] DEBUG org.springframework.test.annotation.ProfileValueUtils - Retrieved ProfileValueSource type [class org.springframework.test.annotation.SystemProfileValueSource] for class [integration.UserControllerIT]
11:09:17.749 [Test worker] DEBUG org.springframework.test.annotation.ProfileValueUtils - Retrieved @ProfileValueSourceConfiguration [null] for test class [integration.UserControllerIT]
11:09:17.750 [Test worker] DEBUG org.springframework.test.annotation.ProfileValueUtils - Retrieved ProfileValueSource type [class org.springframework.test.annotation.SystemProfileValueSource] for class [integration.UserControllerIT]
11:09:17.763 [Test worker] DEBUG org.springframework.test.context.support.AbstractDirtiesContextTestExecutionListener - Before test class: context [DefaultTestContext@79ad9515 testClass = UserControllerIT, testInstance = [null], testMethod = [null], testException = [null], mergedContextConfiguration = [WebMergedContextConfiguration@14880d40 testClass = UserControllerIT, locations = '{}', classes = '{class user.Application, class user.Application}', contextInitializerClasses = '[]', activeProfiles = '{}', propertySourceLocations = '{}', propertySourceProperties = '{org.springframework.boot.test.context.SpringBootTestContextBootstrapper=true}', contextCustomizers = set[org.springframework.boot.test.autoconfigure.properties.PropertyMappingContextCustomizer@0, org.springframework.boot.test.autoconfigure.web.servlet.WebDriverContextCustomizerFactory$Customizer@122b7d54, org.springframework.boot.test.context.filter.ExcludeFilterContextCustomizer@5777a98d, org.springframework.boot.test.json.DuplicateJsonObjectContextCustomizerFactory$DuplicateJsonObjectContextCustomizer@7b7c86ca, org.springframework.boot.test.mock.mockito.MockitoContextCustomizer@0, org.springframework.boot.test.web.client.TestRestTemplateContextCustomizer@3ad0466b], resourceBasePath = 'src/main/webapp', contextLoader = 'org.springframework.boot.test.context.SpringBootContextLoader', parent = [null]], attributes = map['org.springframework.test.context.web.ServletTestExecutionListener.activateListener' -> true]], class annotated with @DirtiesContext [false] with mode [null].
11:09:17.765 [Test worker] DEBUG org.springframework.test.annotation.ProfileValueUtils - Retrieved @ProfileValueSourceConfiguration [null] for test class [integration.UserControllerIT]
11:09:17.766 [Test worker] DEBUG org.springframework.test.annotation.ProfileValueUtils - Retrieved ProfileValueSource type [class org.springframework.test.annotation.SystemProfileValueSource] for class [integration.UserControllerIT]
11:09:18.236 [Test worker] DEBUG org.springframework.test.context.support.TestPropertySourceUtils - Adding inlined properties to environment: {spring.jmx.enabled=false, org.springframework.boot.test.context.SpringBootTestContextBootstrapper=true, server.port=-1}

  .   ____          _            __ _ _
 /\\ / ___'_ __ _ _(_)_ __  __ _ \ \ \ \
( ( )\___ | '_ | '_| | '_ \/ _` | \ \ \ \
 \\/  ___)| |_)| | | | | || (_| |  ) ) ) )
  '  |____| .__|_| |_|_| |_\__, | / / / /
 =========|_|==============|___/=/_/_/_/
 :: Spring Boot ::        (v2.1.6.RELEASE)

2021-06-29 11:09:19.963  INFO 9196 --- [    Test worker] integration.UserControllerIT             : No active profile set, falling back to default profiles: default
2021-06-29 11:09:21.481  INFO 9196 --- [    Test worker] o.s.cloud.context.scope.GenericScope     : BeanFactory id=4f4642f5-389e-3208-b060-9f6c852c83df
2021-06-29 11:09:21.670  INFO 9196 --- [    Test worker] UserController                           : UserController()
2021-06-29 11:09:21.678  INFO 9196 --- [    Test worker] UserService                              : UserService()
2021-06-29 11:09:21.683  INFO 9196 --- [    Test worker] UserRepository                           : UserRepository()
2021-06-29 11:09:22.085  WARN 9196 --- [    Test worker] c.n.c.sources.URLConfigurationSource     : No URLs will be polled as dynamic configuration sources.
2021-06-29 11:09:22.085  INFO 9196 --- [    Test worker] c.n.c.sources.URLConfigurationSource     : To enable URLs as dynamic configuration sources, define System property archaius.configurationSource.additionalUrls or make config.properties available on classpath.
2021-06-29 11:09:22.096  WARN 9196 --- [    Test worker] c.n.c.sources.URLConfigurationSource     : No URLs will be polled as dynamic configuration sources.
2021-06-29 11:09:22.096  INFO 9196 --- [    Test worker] c.n.c.sources.URLConfigurationSource     : To enable URLs as dynamic configuration sources, define System property archaius.configurationSource.additionalUrls or make config.properties available on classpath.
2021-06-29 11:09:22.698  INFO 9196 --- [    Test worker] o.s.s.concurrent.ThreadPoolTaskExecutor  : Initializing ExecutorService 'applicationTaskExecutor'
2021-06-29 11:09:24.486  INFO 9196 --- [    Test worker] o.s.b.a.e.web.EndpointLinksResolver      : Exposing 2 endpoint(s) beneath base path '/actuator'
2021-06-29 11:09:24.595  INFO 9196 --- [    Test worker] integration.UserControllerIT             : Started UserControllerIT in 6.34 seconds (JVM running for 9.056)
2021-06-29 11:09:25.008  INFO 9196 --- [    Test worker] o.s.b.t.m.w.SpringBootMockServletContext : Initializing Spring TestDispatcherServlet ''
2021-06-29 11:09:25.008  INFO 9196 --- [    Test worker] o.s.t.web.servlet.TestDispatcherServlet  : Initializing Servlet ''
2021-06-29 11:09:25.035  INFO 9196 --- [    Test worker] o.s.t.web.servlet.TestDispatcherServlet  : Completed initialization in 26 ms
2021-06-29 11:09:25.351  INFO 9196 --- [    Test worker] UserController                           : addUser(user.model.User@5e02e786)
2021-06-29 11:09:25.351  INFO 9196 --- [    Test worker] UserService                              : addUser(user.model.User@3624e970)
2021-06-29 11:09:25.351  INFO 9196 --- [    Test worker] UserRepository                           : addUser(user.model.User@3624e970)
2021-06-29 11:09:25.375  INFO 9196 --- [    Test worker] o.s.b.t.m.w.SpringBootMockServletContext : Initializing Spring TestDispatcherServlet ''
2021-06-29 11:09:25.375  INFO 9196 --- [    Test worker] o.s.t.web.servlet.TestDispatcherServlet  : Initializing Servlet ''
2021-06-29 11:09:25.379  INFO 9196 --- [    Test worker] o.s.t.web.servlet.TestDispatcherServlet  : Completed initialization in 4 ms
2021-06-29 11:09:25.390  INFO 9196 --- [    Test worker] UserController                           : addToVisitedLocations(userNameTest,gpsUtil.location.VisitedLocation@7c95a329)
2021-06-29 11:09:25.390  INFO 9196 --- [    Test worker] UserService                              : addToVisitedLocations(userNameTest,gpsUtil.location.VisitedLocation@7c95a329)
2021-06-29 11:09:25.390  INFO 9196 --- [    Test worker] UserRepository                           : getUser(userNameTest)
2021-06-29 11:09:25.397  INFO 9196 --- [    Test worker] o.s.b.t.m.w.SpringBootMockServletContext : Initializing Spring TestDispatcherServlet ''
2021-06-29 11:09:25.397  INFO 9196 --- [    Test worker] o.s.t.web.servlet.TestDispatcherServlet  : Initializing Servlet ''
2021-06-29 11:09:25.402  INFO 9196 --- [    Test worker] o.s.t.web.servlet.TestDispatcherServlet  : Completed initialization in 5 ms
2021-06-29 11:09:25.406  INFO 9196 --- [    Test worker] UserController                           : getUser(userNameTest)
2021-06-29 11:09:25.406  INFO 9196 --- [    Test worker] UserService                              : getUser(userNameTest)
2021-06-29 11:09:25.406  INFO 9196 --- [    Test worker] UserRepository                           : getUser(userNameTest)
2021-06-29 11:09:25.423  INFO 9196 --- [    Test worker] o.s.b.t.m.w.SpringBootMockServletContext : Initializing Spring TestDispatcherServlet ''
2021-06-29 11:09:25.423  INFO 9196 --- [    Test worker] o.s.t.web.servlet.TestDispatcherServlet  : Initializing Servlet ''
2021-06-29 11:09:25.428  INFO 9196 --- [    Test worker] o.s.t.web.servlet.TestDispatcherServlet  : Completed initialization in 5 ms
2021-06-29 11:09:25.432  INFO 9196 --- [    Test worker] UserController                           : setUserPreferences(userNameTest,user.model.UserPreferences@5af2decb)
2021-06-29 11:09:25.432  INFO 9196 --- [    Test worker] UserService                              : setUserPreferences(userNameTest,user.model.UserPreferences@5af2decb)
2021-06-29 11:09:25.433  INFO 9196 --- [    Test worker] UserRepository                           : getUser(userNameTest)
2021-06-29 11:09:25.440  INFO 9196 --- [    Test worker] o.s.b.t.m.w.SpringBootMockServletContext : Initializing Spring TestDispatcherServlet ''
2021-06-29 11:09:25.440  INFO 9196 --- [    Test worker] o.s.t.web.servlet.TestDispatcherServlet  : Initializing Servlet ''
2021-06-29 11:09:25.444  INFO 9196 --- [    Test worker] o.s.t.web.servlet.TestDispatcherServlet  : Completed initialization in 3 ms
2021-06-29 11:09:25.446  INFO 9196 --- [    Test worker] UserController                           : getAllUser()
2021-06-29 11:09:25.446  INFO 9196 --- [    Test worker] UserService                              : getAllUser()
2021-06-29 11:09:25.447  INFO 9196 --- [    Test worker] UserRepository                           : getAllUser()
2021-06-29 11:09:25.457  INFO 9196 --- [    Test worker] o.s.b.t.m.w.SpringBootMockServletContext : Initializing Spring TestDispatcherServlet ''
2021-06-29 11:09:25.464  INFO 9196 --- [    Test worker] o.s.t.web.servlet.TestDispatcherServlet  : Initializing Servlet ''
2021-06-29 11:09:25.469  INFO 9196 --- [    Test worker] o.s.t.web.servlet.TestDispatcherServlet  : Completed initialization in 4 ms
2021-06-29 11:09:25.476  INFO 9196 --- [    Test worker] UserController                           : setTripDeals(userNameTest,[tripPricer.Provider@5add420a])
2021-06-29 11:09:25.477  INFO 9196 --- [    Test worker] UserService                              : setTripDeals(userNameTest,[tripPricer.Provider@5add420a])
2021-06-29 11:09:25.477  INFO 9196 --- [    Test worker] UserRepository                           : getUser(userNameTest)
2021-06-29 11:09:25.483  INFO 9196 --- [    Test worker] o.s.b.t.m.w.SpringBootMockServletContext : Initializing Spring TestDispatcherServlet ''
2021-06-29 11:09:25.484  INFO 9196 --- [    Test worker] o.s.t.web.servlet.TestDispatcherServlet  : Initializing Servlet ''
2021-06-29 11:09:25.487  INFO 9196 --- [    Test worker] o.s.t.web.servlet.TestDispatcherServlet  : Completed initialization in 3 ms
2021-06-29 11:09:25.494  INFO 9196 --- [    Test worker] UserController                           : addUserReward(userNameTest,user.model.UserReward@30b47329)
2021-06-29 11:09:25.494  INFO 9196 --- [    Test worker] UserService                              : addUserReward(userNameTest,user.model.UserReward@30b47329)
2021-06-29 11:09:25.494  INFO 9196 --- [    Test worker] UserRepository                           : getUser(userNameTest)
]]></system-out>
  <system-err><![CDATA[]]></system-err>
</testsuite>
