<?xml version="1.0" encoding="UTF-8"?>
<testsuite name="unit.repository.UserRepositoryTest" tests="2" skipped="0" failures="0" errors="0" timestamp="2021-05-28T17:15:13" hostname="PC-ANTOINE" time="0.003">
  <properties/>
  <testcase name="getUser" classname="unit.repository.UserRepositoryTest" time="0.002"/>
  <testcase name="getAllUser" classname="unit.repository.UserRepositoryTest" time="0.001"/>
  <system-out><![CDATA[19:15:13.649 [Test worker] INFO UserRepository - UserRepository()
19:15:13.650 [Test worker] INFO UserRepository - addUser(Mock for User, hashCode: 617520261)
19:15:13.650 [Test worker] INFO UserRepository - getUser(userName)
19:15:13.651 [Test worker] INFO UserRepository - UserRepository()
19:15:13.651 [Test worker] INFO UserRepository - addUser(Mock for User, hashCode: 2027623013)
19:15:13.652 [Test worker] INFO UserRepository - getAllUser()
]]></system-out>
  <system-err><![CDATA[]]></system-err>
</testsuite>
