<?xml version="1.0" encoding="UTF-8"?>
<testsuite name="integration.TripPricerControllerIT" tests="1" skipped="0" failures="0" errors="0" timestamp="2021-06-23T12:31:00" hostname="PC-ANTOINE" time="1.562">
  <properties/>
  <testcase name="getTripDeals" classname="integration.TripPricerControllerIT" time="1.562"/>
  <system-out><![CDATA[14:30:48.507 [Test worker] DEBUG org.springframework.test.context.junit4.SpringJUnit4ClassRunner - SpringJUnit4ClassRunner constructor called with [class integration.TripPricerControllerIT]
14:30:48.545 [Test worker] DEBUG org.springframework.test.context.BootstrapUtils - Instantiating CacheAwareContextLoaderDelegate from class [org.springframework.test.context.cache.DefaultCacheAwareContextLoaderDelegate]
14:30:48.610 [Test worker] DEBUG org.springframework.test.context.BootstrapUtils - Instantiating BootstrapContext using constructor [public org.springframework.test.context.support.DefaultBootstrapContext(java.lang.Class,org.springframework.test.context.CacheAwareContextLoaderDelegate)]
14:30:48.733 [Test worker] DEBUG org.springframework.test.context.BootstrapUtils - Instantiating TestContextBootstrapper for test class [integration.TripPricerControllerIT] from class [org.springframework.boot.test.context.SpringBootTestContextBootstrapper]
14:30:48.792 [Test worker] INFO org.springframework.boot.test.context.SpringBootTestContextBootstrapper - Neither @ContextConfiguration nor @ContextHierarchy found for test class [integration.TripPricerControllerIT], using SpringBootContextLoader
14:30:48.810 [Test worker] DEBUG org.springframework.test.context.support.AbstractContextLoader - Did not detect default resource location for test class [integration.TripPricerControllerIT]: class path resource [integration/TripPricerControllerIT-context.xml] does not exist
14:30:48.811 [Test worker] DEBUG org.springframework.test.context.support.AbstractContextLoader - Did not detect default resource location for test class [integration.TripPricerControllerIT]: class path resource [integration/TripPricerControllerITContext.groovy] does not exist
14:30:48.812 [Test worker] INFO org.springframework.test.context.support.AbstractContextLoader - Could not detect default resource locations for test class [integration.TripPricerControllerIT]: no resource found for suffixes {-context.xml, Context.groovy}.
14:30:48.999 [Test worker] DEBUG org.springframework.test.context.support.ActiveProfilesUtils - Could not find an 'annotation declaring class' for annotation type [org.springframework.test.context.ActiveProfiles] and class [integration.TripPricerControllerIT]
14:30:49.535 [Test worker] DEBUG org.springframework.boot.test.context.SpringBootTestContextBootstrapper - @TestExecutionListeners is not present for class [integration.TripPricerControllerIT]: using defaults.
14:30:49.537 [Test worker] INFO org.springframework.boot.test.context.SpringBootTestContextBootstrapper - Loaded default TestExecutionListener class names from location [META-INF/spring.factories]: [org.springframework.boot.test.autoconfigure.restdocs.RestDocsTestExecutionListener, org.springframework.boot.test.autoconfigure.web.client.MockRestServiceServerResetTestExecutionListener, org.springframework.boot.test.autoconfigure.web.servlet.MockMvcPrintOnlyOnFailureTestExecutionListener, org.springframework.boot.test.autoconfigure.web.servlet.WebDriverTestExecutionListener, org.springframework.boot.test.mock.mockito.MockitoTestExecutionListener, org.springframework.boot.test.mock.mockito.ResetMocksTestExecutionListener, org.springframework.test.context.web.ServletTestExecutionListener, org.springframework.test.context.support.DirtiesContextBeforeModesTestExecutionListener, org.springframework.test.context.support.DependencyInjectionTestExecutionListener, org.springframework.test.context.support.DirtiesContextTestExecutionListener, org.springframework.test.context.transaction.TransactionalTestExecutionListener, org.springframework.test.context.jdbc.SqlScriptsTestExecutionListener]
14:30:49.598 [Test worker] DEBUG org.springframework.boot.test.context.SpringBootTestContextBootstrapper - Skipping candidate TestExecutionListener [org.springframework.test.context.transaction.TransactionalTestExecutionListener] due to a missing dependency. Specify custom listener classes or make the default listener classes and their required dependencies available. Offending class: [org/springframework/transaction/interceptor/TransactionAttributeSource]
14:30:49.599 [Test worker] DEBUG org.springframework.boot.test.context.SpringBootTestContextBootstrapper - Skipping candidate TestExecutionListener [org.springframework.test.context.jdbc.SqlScriptsTestExecutionListener] due to a missing dependency. Specify custom listener classes or make the default listener classes and their required dependencies available. Offending class: [org/springframework/transaction/interceptor/TransactionAttribute]
14:30:49.599 [Test worker] INFO org.springframework.boot.test.context.SpringBootTestContextBootstrapper - Using TestExecutionListeners: [org.springframework.test.context.web.ServletTestExecutionListener@12bab274, org.springframework.test.context.support.DirtiesContextBeforeModesTestExecutionListener@7c66ed5b, org.springframework.boot.test.mock.mockito.MockitoTestExecutionListener@4ceb4c05, org.springframework.boot.test.autoconfigure.SpringBootDependencyInjectionTestExecutionListener@34f2b6d0, org.springframework.test.context.support.DirtiesContextTestExecutionListener@731c8b28, org.springframework.boot.test.autoconfigure.restdocs.RestDocsTestExecutionListener@385bac25, org.springframework.boot.test.autoconfigure.web.client.MockRestServiceServerResetTestExecutionListener@2e46544f, org.springframework.boot.test.autoconfigure.web.servlet.MockMvcPrintOnlyOnFailureTestExecutionListener@fa32361, org.springframework.boot.test.autoconfigure.web.servlet.WebDriverTestExecutionListener@18f1bc76, org.springframework.boot.test.mock.mockito.ResetMocksTestExecutionListener@7dae11c9]
14:30:49.612 [Test worker] DEBUG org.springframework.test.annotation.ProfileValueUtils - Retrieved @ProfileValueSourceConfiguration [null] for test class [integration.TripPricerControllerIT]
14:30:49.614 [Test worker] DEBUG org.springframework.test.annotation.ProfileValueUtils - Retrieved ProfileValueSource type [class org.springframework.test.annotation.SystemProfileValueSource] for class [integration.TripPricerControllerIT]
14:30:49.616 [Test worker] DEBUG org.springframework.test.annotation.ProfileValueUtils - Retrieved @ProfileValueSourceConfiguration [null] for test class [integration.TripPricerControllerIT]
14:30:49.616 [Test worker] DEBUG org.springframework.test.annotation.ProfileValueUtils - Retrieved ProfileValueSource type [class org.springframework.test.annotation.SystemProfileValueSource] for class [integration.TripPricerControllerIT]
14:30:49.634 [Test worker] DEBUG org.springframework.test.context.support.AbstractDirtiesContextTestExecutionListener - Before test class: context [DefaultTestContext@3605ec0f testClass = TripPricerControllerIT, testInstance = [null], testMethod = [null], testException = [null], mergedContextConfiguration = [WebMergedContextConfiguration@74c7e646 testClass = TripPricerControllerIT, locations = '{}', classes = '{class TripPricer.Application, class TripPricer.Application}', contextInitializerClasses = '[]', activeProfiles = '{}', propertySourceLocations = '{}', propertySourceProperties = '{org.springframework.boot.test.context.SpringBootTestContextBootstrapper=true}', contextCustomizers = set[org.springframework.boot.test.autoconfigure.properties.PropertyMappingContextCustomizer@0, org.springframework.boot.test.autoconfigure.web.servlet.WebDriverContextCustomizerFactory$Customizer@78e952e9, org.springframework.boot.test.context.filter.ExcludeFilterContextCustomizer@2b1d2947, org.springframework.boot.test.json.DuplicateJsonObjectContextCustomizerFactory$DuplicateJsonObjectContextCustomizer@627a9a88, org.springframework.boot.test.mock.mockito.MockitoContextCustomizer@0, org.springframework.boot.test.web.client.TestRestTemplateContextCustomizer@191399d9], resourceBasePath = 'src/main/webapp', contextLoader = 'org.springframework.boot.test.context.SpringBootContextLoader', parent = [null]], attributes = map['org.springframework.test.context.web.ServletTestExecutionListener.activateListener' -> true]], class annotated with @DirtiesContext [false] with mode [null].
14:30:49.637 [Test worker] DEBUG org.springframework.test.annotation.ProfileValueUtils - Retrieved @ProfileValueSourceConfiguration [null] for test class [integration.TripPricerControllerIT]
14:30:49.637 [Test worker] DEBUG org.springframework.test.annotation.ProfileValueUtils - Retrieved ProfileValueSource type [class org.springframework.test.annotation.SystemProfileValueSource] for class [integration.TripPricerControllerIT]
14:30:49.820 [Test worker] DEBUG org.springframework.test.context.support.TestPropertySourceUtils - Adding inlined properties to environment: {spring.jmx.enabled=false, org.springframework.boot.test.context.SpringBootTestContextBootstrapper=true, server.port=-1}

  .   ____          _            __ _ _
 /\\ / ___'_ __ _ _(_)_ __  __ _ \ \ \ \
( ( )\___ | '_ | '_| | '_ \/ _` | \ \ \ \
 \\/  ___)| |_)| | | | | || (_| |  ) ) ) )
  '  |____| .__|_| |_|_| |_\__, | / / / /
 =========|_|==============|___/=/_/_/_/
 :: Spring Boot ::        (v2.1.6.RELEASE)

2021-06-23 14:30:53.254  INFO 2728 --- [    Test worker] integration.TripPricerControllerIT       : No active profile set, falling back to default profiles: default
2021-06-23 14:30:56.049  INFO 2728 --- [    Test worker] o.s.cloud.context.scope.GenericScope     : BeanFactory id=6ee55d74-bf58-3543-ad66-f9f91e57f381
2021-06-23 14:30:56.345  INFO 2728 --- [    Test worker] trationDelegate$BeanPostProcessorChecker : Bean 'TripPricer.proxy.UserProxy' of type [org.springframework.cloud.openfeign.FeignClientFactoryBean] is not eligible for getting processed by all BeanPostProcessors (for example: not eligible for auto-proxying)
2021-06-23 14:30:56.550  INFO 2728 --- [    Test worker] TripPriceController                      : TripPriceController()
2021-06-23 14:30:56.560  INFO 2728 --- [    Test worker] TripPricerService                        : TripPricerService()
2021-06-23 14:30:58.063  WARN 2728 --- [    Test worker] c.n.c.sources.URLConfigurationSource     : No URLs will be polled as dynamic configuration sources.
2021-06-23 14:30:58.064  INFO 2728 --- [    Test worker] c.n.c.sources.URLConfigurationSource     : To enable URLs as dynamic configuration sources, define System property archaius.configurationSource.additionalUrls or make config.properties available on classpath.
2021-06-23 14:30:58.093  WARN 2728 --- [    Test worker] c.n.c.sources.URLConfigurationSource     : No URLs will be polled as dynamic configuration sources.
2021-06-23 14:30:58.094  INFO 2728 --- [    Test worker] c.n.c.sources.URLConfigurationSource     : To enable URLs as dynamic configuration sources, define System property archaius.configurationSource.additionalUrls or make config.properties available on classpath.
2021-06-23 14:30:58.713  INFO 2728 --- [    Test worker] o.s.s.concurrent.ThreadPoolTaskExecutor  : Initializing ExecutorService 'applicationTaskExecutor'
2021-06-23 14:31:00.753  INFO 2728 --- [    Test worker] o.s.b.a.e.web.EndpointLinksResolver      : Exposing 2 endpoint(s) beneath base path '/actuator'
2021-06-23 14:31:00.880  INFO 2728 --- [    Test worker] integration.TripPricerControllerIT       : Started TripPricerControllerIT in 10.985 seconds (JVM running for 15.181)
2021-06-23 14:31:01.986  INFO 2728 --- [    Test worker] o.s.b.t.m.w.SpringBootMockServletContext : Initializing Spring TestDispatcherServlet ''
2021-06-23 14:31:01.986  INFO 2728 --- [    Test worker] o.s.t.web.servlet.TestDispatcherServlet  : Initializing Servlet ''
2021-06-23 14:31:02.014  INFO 2728 --- [    Test worker] o.s.t.web.servlet.TestDispatcherServlet  : Completed initialization in 27 ms
2021-06-23 14:31:02.151  INFO 2728 --- [    Test worker] TripPriceController                      : getTripDeals(userName)
2021-06-23 14:31:02.151  INFO 2728 --- [    Test worker] TripPricerService                        : getTripDeals(userName)
]]></system-out>
  <system-err><![CDATA[]]></system-err>
</testsuite>
