<?xml version="1.0" encoding="UTF-8"?>
<testsuite name="unit.controller.TripPricerControllerTest" tests="1" skipped="0" failures="0" errors="0" timestamp="2021-06-23T12:31:02" hostname="PC-ANTOINE" time="0.131">
  <properties/>
  <testcase name="getTripDeals" classname="unit.controller.TripPricerControllerTest" time="0.131"/>
  <system-out><![CDATA[2021-06-23 14:31:02.792  INFO 2728 --- [    Test worker] TripPriceController                      : TripPriceController(Mock for TripPricerServiceInterface, hashCode: 996502880)
2021-06-23 14:31:02.808  INFO 2728 --- [    Test worker] TripPriceController                      : getTripDeals(userName)
]]></system-out>
  <system-err><![CDATA[]]></system-err>
</testsuite>
