<?xml version="1.0" encoding="UTF-8"?>
<testsuite name="integration.TripPricerControllerIT" tests="1" skipped="0" failures="0" errors="0" timestamp="2021-06-24T10:29:36" hostname="PC-ANTOINE" time="1.883">
  <properties/>
  <testcase name="calculateTripDeals" classname="integration.TripPricerControllerIT" time="1.883"/>
  <system-out><![CDATA[12:29:24.190 [Test worker] DEBUG org.springframework.test.context.junit4.SpringJUnit4ClassRunner - SpringJUnit4ClassRunner constructor called with [class integration.TripPricerControllerIT]
12:29:24.226 [Test worker] DEBUG org.springframework.test.context.BootstrapUtils - Instantiating CacheAwareContextLoaderDelegate from class [org.springframework.test.context.cache.DefaultCacheAwareContextLoaderDelegate]
12:29:24.297 [Test worker] DEBUG org.springframework.test.context.BootstrapUtils - Instantiating BootstrapContext using constructor [public org.springframework.test.context.support.DefaultBootstrapContext(java.lang.Class,org.springframework.test.context.CacheAwareContextLoaderDelegate)]
12:29:24.435 [Test worker] DEBUG org.springframework.test.context.BootstrapUtils - Instantiating TestContextBootstrapper for test class [integration.TripPricerControllerIT] from class [org.springframework.boot.test.context.SpringBootTestContextBootstrapper]
12:29:24.493 [Test worker] INFO org.springframework.boot.test.context.SpringBootTestContextBootstrapper - Neither @ContextConfiguration nor @ContextHierarchy found for test class [integration.TripPricerControllerIT], using SpringBootContextLoader
12:29:24.516 [Test worker] DEBUG org.springframework.test.context.support.AbstractContextLoader - Did not detect default resource location for test class [integration.TripPricerControllerIT]: class path resource [integration/TripPricerControllerIT-context.xml] does not exist
12:29:24.516 [Test worker] DEBUG org.springframework.test.context.support.AbstractContextLoader - Did not detect default resource location for test class [integration.TripPricerControllerIT]: class path resource [integration/TripPricerControllerITContext.groovy] does not exist
12:29:24.517 [Test worker] INFO org.springframework.test.context.support.AbstractContextLoader - Could not detect default resource locations for test class [integration.TripPricerControllerIT]: no resource found for suffixes {-context.xml, Context.groovy}.
12:29:24.700 [Test worker] DEBUG org.springframework.test.context.support.ActiveProfilesUtils - Could not find an 'annotation declaring class' for annotation type [org.springframework.test.context.ActiveProfiles] and class [integration.TripPricerControllerIT]
12:29:25.386 [Test worker] DEBUG org.springframework.boot.test.context.SpringBootTestContextBootstrapper - @TestExecutionListeners is not present for class [integration.TripPricerControllerIT]: using defaults.
12:29:25.389 [Test worker] INFO org.springframework.boot.test.context.SpringBootTestContextBootstrapper - Loaded default TestExecutionListener class names from location [META-INF/spring.factories]: [org.springframework.boot.test.autoconfigure.restdocs.RestDocsTestExecutionListener, org.springframework.boot.test.autoconfigure.web.client.MockRestServiceServerResetTestExecutionListener, org.springframework.boot.test.autoconfigure.web.servlet.MockMvcPrintOnlyOnFailureTestExecutionListener, org.springframework.boot.test.autoconfigure.web.servlet.WebDriverTestExecutionListener, org.springframework.boot.test.mock.mockito.MockitoTestExecutionListener, org.springframework.boot.test.mock.mockito.ResetMocksTestExecutionListener, org.springframework.test.context.web.ServletTestExecutionListener, org.springframework.test.context.support.DirtiesContextBeforeModesTestExecutionListener, org.springframework.test.context.support.DependencyInjectionTestExecutionListener, org.springframework.test.context.support.DirtiesContextTestExecutionListener, org.springframework.test.context.transaction.TransactionalTestExecutionListener, org.springframework.test.context.jdbc.SqlScriptsTestExecutionListener]
12:29:25.463 [Test worker] DEBUG org.springframework.boot.test.context.SpringBootTestContextBootstrapper - Skipping candidate TestExecutionListener [org.springframework.test.context.transaction.TransactionalTestExecutionListener] due to a missing dependency. Specify custom listener classes or make the default listener classes and their required dependencies available. Offending class: [org/springframework/transaction/interceptor/TransactionAttributeSource]
12:29:25.465 [Test worker] DEBUG org.springframework.boot.test.context.SpringBootTestContextBootstrapper - Skipping candidate TestExecutionListener [org.springframework.test.context.jdbc.SqlScriptsTestExecutionListener] due to a missing dependency. Specify custom listener classes or make the default listener classes and their required dependencies available. Offending class: [org/springframework/transaction/interceptor/TransactionAttribute]
12:29:25.465 [Test worker] INFO org.springframework.boot.test.context.SpringBootTestContextBootstrapper - Using TestExecutionListeners: [org.springframework.test.context.web.ServletTestExecutionListener@7e21e4e2, org.springframework.test.context.support.DirtiesContextBeforeModesTestExecutionListener@3e889bbf, org.springframework.boot.test.mock.mockito.MockitoTestExecutionListener@39f83cf, org.springframework.boot.test.autoconfigure.SpringBootDependencyInjectionTestExecutionListener@31a4741, org.springframework.test.context.support.DirtiesContextTestExecutionListener@726db534, org.springframework.boot.test.autoconfigure.restdocs.RestDocsTestExecutionListener@8428da5, org.springframework.boot.test.autoconfigure.web.client.MockRestServiceServerResetTestExecutionListener@77bcf699, org.springframework.boot.test.autoconfigure.web.servlet.MockMvcPrintOnlyOnFailureTestExecutionListener@264d9760, org.springframework.boot.test.autoconfigure.web.servlet.WebDriverTestExecutionListener@39965288, org.springframework.boot.test.mock.mockito.ResetMocksTestExecutionListener@25a5cfba]
12:29:25.480 [Test worker] DEBUG org.springframework.test.annotation.ProfileValueUtils - Retrieved @ProfileValueSourceConfiguration [null] for test class [integration.TripPricerControllerIT]
12:29:25.482 [Test worker] DEBUG org.springframework.test.annotation.ProfileValueUtils - Retrieved ProfileValueSource type [class org.springframework.test.annotation.SystemProfileValueSource] for class [integration.TripPricerControllerIT]
12:29:25.485 [Test worker] DEBUG org.springframework.test.annotation.ProfileValueUtils - Retrieved @ProfileValueSourceConfiguration [null] for test class [integration.TripPricerControllerIT]
12:29:25.486 [Test worker] DEBUG org.springframework.test.annotation.ProfileValueUtils - Retrieved ProfileValueSource type [class org.springframework.test.annotation.SystemProfileValueSource] for class [integration.TripPricerControllerIT]
12:29:25.505 [Test worker] DEBUG org.springframework.test.context.support.AbstractDirtiesContextTestExecutionListener - Before test class: context [DefaultTestContext@7ec64897 testClass = TripPricerControllerIT, testInstance = [null], testMethod = [null], testException = [null], mergedContextConfiguration = [WebMergedContextConfiguration@5604a60 testClass = TripPricerControllerIT, locations = '{}', classes = '{class TripPricer.Application, class TripPricer.Application}', contextInitializerClasses = '[]', activeProfiles = '{}', propertySourceLocations = '{}', propertySourceProperties = '{org.springframework.boot.test.context.SpringBootTestContextBootstrapper=true}', contextCustomizers = set[org.springframework.boot.test.autoconfigure.properties.PropertyMappingContextCustomizer@0, org.springframework.boot.test.autoconfigure.web.servlet.WebDriverContextCustomizerFactory$Customizer@7c0f2a34, org.springframework.boot.test.context.filter.ExcludeFilterContextCustomizer@2631a1cb, org.springframework.boot.test.json.DuplicateJsonObjectContextCustomizerFactory$DuplicateJsonObjectContextCustomizer@754f4432, org.springframework.boot.test.mock.mockito.MockitoContextCustomizer@0, org.springframework.boot.test.web.client.TestRestTemplateContextCustomizer@510ac2be], resourceBasePath = 'src/main/webapp', contextLoader = 'org.springframework.boot.test.context.SpringBootContextLoader', parent = [null]], attributes = map['org.springframework.test.context.web.ServletTestExecutionListener.activateListener' -> true]], class annotated with @DirtiesContext [false] with mode [null].
12:29:25.508 [Test worker] DEBUG org.springframework.test.annotation.ProfileValueUtils - Retrieved @ProfileValueSourceConfiguration [null] for test class [integration.TripPricerControllerIT]
12:29:25.508 [Test worker] DEBUG org.springframework.test.annotation.ProfileValueUtils - Retrieved ProfileValueSource type [class org.springframework.test.annotation.SystemProfileValueSource] for class [integration.TripPricerControllerIT]
12:29:25.667 [Test worker] DEBUG org.springframework.test.context.support.TestPropertySourceUtils - Adding inlined properties to environment: {spring.jmx.enabled=false, org.springframework.boot.test.context.SpringBootTestContextBootstrapper=true, server.port=-1}

  .   ____          _            __ _ _
 /\\ / ___'_ __ _ _(_)_ __  __ _ \ \ \ \
( ( )\___ | '_ | '_| | '_ \/ _` | \ \ \ \
 \\/  ___)| |_)| | | | | || (_| |  ) ) ) )
  '  |____| .__|_| |_|_| |_\__, | / / / /
 =========|_|==============|___/=/_/_/_/
 :: Spring Boot ::        (v2.1.6.RELEASE)

2021-06-24 12:29:28.860  INFO 11564 --- [    Test worker] integration.TripPricerControllerIT       : No active profile set, falling back to default profiles: default
2021-06-24 12:29:31.573  INFO 11564 --- [    Test worker] o.s.cloud.context.scope.GenericScope     : BeanFactory id=6ee55d74-bf58-3543-ad66-f9f91e57f381
2021-06-24 12:29:31.843  INFO 11564 --- [    Test worker] trationDelegate$BeanPostProcessorChecker : Bean 'TripPricer.proxy.UserProxy' of type [org.springframework.cloud.openfeign.FeignClientFactoryBean] is not eligible for getting processed by all BeanPostProcessors (for example: not eligible for auto-proxying)
2021-06-24 12:29:32.008  INFO 11564 --- [    Test worker] TripPriceController                      : TripPriceController()
2021-06-24 12:29:32.015  INFO 11564 --- [    Test worker] TripPricerService                        : TripPricerService()
2021-06-24 12:29:33.554  WARN 11564 --- [    Test worker] c.n.c.sources.URLConfigurationSource     : No URLs will be polled as dynamic configuration sources.
2021-06-24 12:29:33.555  INFO 11564 --- [    Test worker] c.n.c.sources.URLConfigurationSource     : To enable URLs as dynamic configuration sources, define System property archaius.configurationSource.additionalUrls or make config.properties available on classpath.
2021-06-24 12:29:33.585  WARN 11564 --- [    Test worker] c.n.c.sources.URLConfigurationSource     : No URLs will be polled as dynamic configuration sources.
2021-06-24 12:29:33.585  INFO 11564 --- [    Test worker] c.n.c.sources.URLConfigurationSource     : To enable URLs as dynamic configuration sources, define System property archaius.configurationSource.additionalUrls or make config.properties available on classpath.
2021-06-24 12:29:34.331  INFO 11564 --- [    Test worker] o.s.s.concurrent.ThreadPoolTaskExecutor  : Initializing ExecutorService 'applicationTaskExecutor'
2021-06-24 12:29:36.464  INFO 11564 --- [    Test worker] o.s.b.a.e.web.EndpointLinksResolver      : Exposing 2 endpoint(s) beneath base path '/actuator'
2021-06-24 12:29:36.590  INFO 11564 --- [    Test worker] integration.TripPricerControllerIT       : Started TripPricerControllerIT in 10.857 seconds (JVM running for 15.065)
2021-06-24 12:29:37.878  INFO 11564 --- [    Test worker] o.s.b.t.m.w.SpringBootMockServletContext : Initializing Spring TestDispatcherServlet ''
2021-06-24 12:29:37.879  INFO 11564 --- [    Test worker] o.s.t.web.servlet.TestDispatcherServlet  : Initializing Servlet ''
2021-06-24 12:29:37.903  INFO 11564 --- [    Test worker] o.s.t.web.servlet.TestDispatcherServlet  : Completed initialization in 24 ms
2021-06-24 12:29:38.032  INFO 11564 --- [    Test worker] TripPriceController                      : calculateTripDeals(userNameTest)
2021-06-24 12:29:38.033  INFO 11564 --- [    Test worker] TripPricerService                        : calculateTripDeals(userNameTest)
]]></system-out>
  <system-err><![CDATA[]]></system-err>
</testsuite>
