<?xml version="1.0" encoding="UTF-8"?>
<testsuite name="unit.service.TripPricerServiceTest" tests="1" skipped="0" failures="0" errors="0" timestamp="2021-06-24T10:29:39" hostname="PC-ANTOINE" time="0.211">
  <properties/>
  <testcase name="calculateTripDeals" classname="unit.service.TripPricerServiceTest" time="0.211"/>
  <system-out><![CDATA[2021-06-24 12:29:39.306  INFO 11564 --- [    Test worker] TripPricerService                        : TripPricerService(Mock for UserProxy, hashCode: 820007624)
2021-06-24 12:29:39.463  INFO 11564 --- [    Test worker] TripPricerService                        : calculateTripDeals(userName)
]]></system-out>
  <system-err><![CDATA[]]></system-err>
</testsuite>
