<?xml version="1.0" encoding="UTF-8"?>
<testsuite name="unit.model.UserRewardTest" tests="3" skipped="0" failures="0" errors="0" timestamp="2021-06-07T13:51:02" hostname="PC-ANTOINE" time="0.102">
  <properties/>
  <testcase name="setAndGetAttraction" classname="unit.model.UserRewardTest" time="0.062"/>
  <testcase name="setAndGetVisitedLocation" classname="unit.model.UserRewardTest" time="0.039"/>
  <testcase name="setAndGetRewardPoints" classname="unit.model.UserRewardTest" time="0.001"/>
  <system-out><![CDATA[]]></system-out>
  <system-err><![CDATA[]]></system-err>
</testsuite>
