<?xml version="1.0" encoding="UTF-8"?>
<testsuite name="tourGuide.TestPerformance" tests="2" skipped="2" failures="0" errors="0" timestamp="2021-05-17T09:54:32" hostname="PC-ANTOINE" time="0.0">
  <properties/>
  <testcase name="highVolumeTrackLocation" classname="tourGuide.TestPerformance" time="0.0">
    <skipped/>
  </testcase>
  <testcase name="highVolumeGetRewards" classname="tourGuide.TestPerformance" time="0.0">
    <skipped/>
  </testcase>
  <system-out><![CDATA[]]></system-out>
  <system-err><![CDATA[]]></system-err>
</testsuite>
